{"C:\\Users\\User\\Dropbox\\Projetos\\API_Controle_Financeiro\\api\\app.js": {"path":"C:\\Users\\User\\Dropbox\\Projetos\\API_Controle_Financeiro\\api\\app.js","statementMap":{"0":{"start":{"line":1,"column":16},"end":{"line":1,"column":34}},"1":{"start":{"line":2,"column":15},"end":{"line":2,"column":34}},"2":{"start":{"line":4,"column":12},"end":{"line":4,"column":21}},"3":{"start":{"line":6,"column":0},"end":{"line":6,"column":11}},"4":{"start":{"line":8,"column":0},"end":{"line":8,"column":20}}},"fnMap":{},"branchMap":{},"s":{"0":5,"1":5,"2":5,"3":5,"4":5},"f":{},"b":{},"_coverageSchema":"1a1c01bbd47fc00a2c39e90264f33305004495a9","hash":"78f455c011bfae87f32074715fe5b8384c02d62d"}
,"C:\\Users\\User\\Dropbox\\Projetos\\API_Controle_Financeiro\\api\\erros.js": {"path":"C:\\Users\\User\\Dropbox\\Projetos\\API_Controle_Financeiro\\api\\erros.js","statementMap":{"0":{"start":{"line":3,"column":2},"end":{"line":3,"column":17}},"1":{"start":{"line":4,"column":2},"end":{"line":4,"column":36}},"2":{"start":{"line":10,"column":2},"end":{"line":10,"column":17}},"3":{"start":{"line":11,"column":2},"end":{"line":11,"column":35}},"4":{"start":{"line":17,"column":19},"end":{"line":17,"column":59}},"5":{"start":{"line":18,"column":2},"end":{"line":18,"column":17}},"6":{"start":{"line":19,"column":2},"end":{"line":19,"column":29}},"7":{"start":{"line":25,"column":19},"end":{"line":25,"column":58}},"8":{"start":{"line":26,"column":2},"end":{"line":26,"column":17}},"9":{"start":{"line":27,"column":2},"end":{"line":27,"column":29}},"10":{"start":{"line":31,"column":0},"end":{"line":31,"column":92}}},"fnMap":{"0":{"name":"(anonymous_0)","decl":{"start":{"line":2,"column":1},"end":{"line":2,"column":2}},"loc":{"start":{"line":2,"column":24},"end":{"line":5,"column":2}},"line":2},"1":{"name":"(anonymous_1)","decl":{"start":{"line":9,"column":1},"end":{"line":9,"column":2}},"loc":{"start":{"line":9,"column":24},"end":{"line":12,"column":2}},"line":9},"2":{"name":"(anonymous_2)","decl":{"start":{"line":16,"column":1},"end":{"line":16,"column":2}},"loc":{"start":{"line":16,"column":24},"end":{"line":20,"column":2}},"line":16},"3":{"name":"(anonymous_3)","decl":{"start":{"line":24,"column":1},"end":{"line":24,"column":2}},"loc":{"start":{"line":24,"column":16},"end":{"line":28,"column":2}},"line":24}},"branchMap":{},"s":{"0":0,"1":0,"2":0,"3":0,"4":0,"5":0,"6":0,"7":0,"8":0,"9":0,"10":5},"f":{"0":0,"1":0,"2":0,"3":0},"b":{},"_coverageSchema":"1a1c01bbd47fc00a2c39e90264f33305004495a9","hash":"9a0ce3e220161597cd4fe89bd8d17e4cac79f8da"}
,"C:\\Users\\User\\Dropbox\\Projetos\\API_Controle_Financeiro\\api\\config\\estrategia-autenticacao.js": {"path":"C:\\Users\\User\\Dropbox\\Projetos\\API_Controle_Financeiro\\api\\config\\estrategia-autenticacao.js","statementMap":{"0":{"start":{"line":1,"column":22},"end":{"line":1,"column":56}},"1":{"start":{"line":2,"column":17},"end":{"line":2,"column":37}},"2":{"start":{"line":3,"column":33},"end":{"line":3,"column":52}},"3":{"start":{"line":4,"column":15},"end":{"line":4,"column":32}},"4":{"start":{"line":5,"column":17},"end":{"line":5,"column":36}},"5":{"start":{"line":6,"column":23},"end":{"line":6,"column":63}},"6":{"start":{"line":7,"column":12},"end":{"line":7,"column":35}},"7":{"start":{"line":10,"column":1},"end":{"line":12,"column":2}},"8":{"start":{"line":11,"column":2},"end":{"line":11,"column":70}},"9":{"start":{"line":16,"column":21},"end":{"line":16,"column":59}},"10":{"start":{"line":17,"column":1},"end":{"line":19,"column":2}},"11":{"start":{"line":18,"column":2},"end":{"line":18,"column":60}},"12":{"start":{"line":22,"column":0},"end":{"line":40,"column":1}},"13":{"start":{"line":23,"column":1},"end":{"line":39,"column":2}},"14":{"start":{"line":29,"column":3},"end":{"line":37,"column":4}},"15":{"start":{"line":30,"column":20},"end":{"line":30,"column":80}},"16":{"start":{"line":31,"column":4},"end":{"line":31,"column":28}},"17":{"start":{"line":32,"column":4},"end":{"line":32,"column":45}},"18":{"start":{"line":33,"column":4},"end":{"line":33,"column":23}},"19":{"start":{"line":36,"column":4},"end":{"line":36,"column":10}},"20":{"start":{"line":42,"column":0},"end":{"line":52,"column":1}},"21":{"start":{"line":44,"column":2},"end":{"line":50,"column":3}},"22":{"start":{"line":45,"column":19},"end":{"line":45,"column":59}},"23":{"start":{"line":46,"column":19},"end":{"line":46,"column":81}},"24":{"start":{"line":47,"column":3},"end":{"line":47,"column":22}},"25":{"start":{"line":49,"column":3},"end":{"line":49,"column":13}}},"fnMap":{"0":{"name":"verificaUsuario","decl":{"start":{"line":9,"column":9},"end":{"line":9,"column":24}},"loc":{"start":{"line":9,"column":34},"end":{"line":13,"column":1}},"line":9},"1":{"name":"verificaSenha","decl":{"start":{"line":15,"column":15},"end":{"line":15,"column":28}},"loc":{"start":{"line":15,"column":47},"end":{"line":20,"column":1}},"line":15},"2":{"name":"(anonymous_2)","decl":{"start":{"line":22,"column":17},"end":{"line":22,"column":18}},"loc":{"start":{"line":22,"column":36},"end":{"line":40,"column":1}},"line":22},"3":{"name":"(anonymous_3)","decl":{"start":{"line":28,"column":5},"end":{"line":28,"column":6}},"loc":{"start":{"line":28,"column":35},"end":{"line":38,"column":3}},"line":28},"4":{"name":"(anonymous_4)","decl":{"start":{"line":43,"column":21},"end":{"line":43,"column":22}},"loc":{"start":{"line":43,"column":44},"end":{"line":51,"column":2}},"line":43}},"branchMap":{"0":{"loc":{"start":{"line":10,"column":1},"end":{"line":12,"column":2}},"type":"if","locations":[{"start":{"line":10,"column":1},"end":{"line":12,"column":2}},{"start":{},"end":{}}],"line":10},"1":{"loc":{"start":{"line":17,"column":1},"end":{"line":19,"column":2}},"type":"if","locations":[{"start":{"line":17,"column":1},"end":{"line":19,"column":2}},{"start":{},"end":{}}],"line":17}},"s":{"0":5,"1":5,"2":5,"3":5,"4":5,"5":5,"6":5,"7":3,"8":0,"9":3,"10":3,"11":0,"12":5,"13":5,"14":3,"15":3,"16":3,"17":3,"18":3,"19":0,"20":5,"21":11,"22":11,"23":11,"24":11,"25":0},"f":{"0":3,"1":3,"2":5,"3":3,"4":11},"b":{"0":[0,3],"1":[0,3]},"_coverageSchema":"1a1c01bbd47fc00a2c39e90264f33305004495a9","hash":"10d1059486c82e60385fc1088c3eb7d5d3911348"}
,"C:\\Users\\User\\Dropbox\\Projetos\\API_Controle_Financeiro\\api\\config\\middlewares-autenticacao.js": {"path":"C:\\Users\\User\\Dropbox\\Projetos\\API_Controle_Financeiro\\api\\config\\middlewares-autenticacao.js","statementMap":{"0":{"start":{"line":2,"column":17},"end":{"line":2,"column":36}},"1":{"start":{"line":3,"column":0},"end":{"line":3,"column":46}},"2":{"start":{"line":5,"column":0},"end":{"line":51,"column":1}},"3":{"start":{"line":7,"column":2},"end":{"line":26,"column":19}},"4":{"start":{"line":11,"column":4},"end":{"line":13,"column":5}},"5":{"start":{"line":12,"column":5},"end":{"line":12,"column":56}},"6":{"start":{"line":15,"column":4},"end":{"line":17,"column":5}},"7":{"start":{"line":16,"column":5},"end":{"line":16,"column":56}},"8":{"start":{"line":19,"column":4},"end":{"line":21,"column":5}},"9":{"start":{"line":20,"column":5},"end":{"line":20,"column":34}},"10":{"start":{"line":23,"column":4},"end":{"line":23,"column":22}},"11":{"start":{"line":24,"column":4},"end":{"line":24,"column":17}},"12":{"start":{"line":30,"column":2},"end":{"line":49,"column":19}},"13":{"start":{"line":34,"column":4},"end":{"line":36,"column":5}},"14":{"start":{"line":35,"column":5},"end":{"line":35,"column":56}},"15":{"start":{"line":38,"column":4},"end":{"line":40,"column":5}},"16":{"start":{"line":39,"column":5},"end":{"line":39,"column":56}},"17":{"start":{"line":42,"column":4},"end":{"line":44,"column":5}},"18":{"start":{"line":43,"column":5},"end":{"line":43,"column":34}},"19":{"start":{"line":46,"column":4},"end":{"line":46,"column":22}},"20":{"start":{"line":47,"column":4},"end":{"line":47,"column":17}}},"fnMap":{"0":{"name":"(anonymous_0)","decl":{"start":{"line":6,"column":8},"end":{"line":6,"column":9}},"loc":{"start":{"line":6,"column":28},"end":{"line":27,"column":2}},"line":6},"1":{"name":"(anonymous_1)","decl":{"start":{"line":10,"column":3},"end":{"line":10,"column":4}},"loc":{"start":{"line":10,"column":28},"end":{"line":25,"column":4}},"line":10},"2":{"name":"(anonymous_2)","decl":{"start":{"line":29,"column":9},"end":{"line":29,"column":10}},"loc":{"start":{"line":29,"column":29},"end":{"line":50,"column":2}},"line":29},"3":{"name":"(anonymous_3)","decl":{"start":{"line":33,"column":3},"end":{"line":33,"column":4}},"loc":{"start":{"line":33,"column":28},"end":{"line":48,"column":4}},"line":33}},"branchMap":{"0":{"loc":{"start":{"line":11,"column":4},"end":{"line":13,"column":5}},"type":"if","locations":[{"start":{"line":11,"column":4},"end":{"line":13,"column":5}},{"start":{},"end":{}}],"line":11},"1":{"loc":{"start":{"line":11,"column":8},"end":{"line":11,"column":52}},"type":"binary-expr","locations":[{"start":{"line":11,"column":8},"end":{"line":11,"column":12}},{"start":{"line":11,"column":16},"end":{"line":11,"column":52}}],"line":11},"2":{"loc":{"start":{"line":15,"column":4},"end":{"line":17,"column":5}},"type":"if","locations":[{"start":{"line":15,"column":4},"end":{"line":17,"column":5}},{"start":{},"end":{}}],"line":15},"3":{"loc":{"start":{"line":19,"column":4},"end":{"line":21,"column":5}},"type":"if","locations":[{"start":{"line":19,"column":4},"end":{"line":21,"column":5}},{"start":{},"end":{}}],"line":19},"4":{"loc":{"start":{"line":34,"column":4},"end":{"line":36,"column":5}},"type":"if","locations":[{"start":{"line":34,"column":4},"end":{"line":36,"column":5}},{"start":{},"end":{}}],"line":34},"5":{"loc":{"start":{"line":34,"column":8},"end":{"line":34,"column":49}},"type":"binary-expr","locations":[{"start":{"line":34,"column":8},"end":{"line":34,"column":12}},{"start":{"line":34,"column":16},"end":{"line":34,"column":49}}],"line":34},"6":{"loc":{"start":{"line":38,"column":4},"end":{"line":40,"column":5}},"type":"if","locations":[{"start":{"line":38,"column":4},"end":{"line":40,"column":5}},{"start":{},"end":{}}],"line":38},"7":{"loc":{"start":{"line":42,"column":4},"end":{"line":44,"column":5}},"type":"if","locations":[{"start":{"line":42,"column":4},"end":{"line":44,"column":5}},{"start":{},"end":{}}],"line":42}},"s":{"0":5,"1":5,"2":5,"3":3,"4":3,"5":0,"6":3,"7":0,"8":3,"9":0,"10":3,"11":3,"12":11,"13":11,"14":0,"15":11,"16":0,"17":11,"18":0,"19":11,"20":11},"f":{"0":3,"1":3,"2":11,"3":11},"b":{"0":[0,3],"1":[3,0],"2":[0,3],"3":[0,3],"4":[0,11],"5":[11,0],"6":[0,11],"7":[0,11]},"_coverageSchema":"1a1c01bbd47fc00a2c39e90264f33305004495a9","hash":"52d308b4f3ccd8b88b43e486f3f256525988076f"}
,"C:\\Users\\User\\Dropbox\\Projetos\\API_Controle_Financeiro\\api\\controllers\\categoriaController.js": {"path":"C:\\Users\\User\\Dropbox\\Projetos\\API_Controle_Financeiro\\api\\controllers\\categoriaController.js","statementMap":{"0":{"start":{"line":1,"column":17},"end":{"line":1,"column":37}},"1":{"start":{"line":5,"column":2},"end":{"line":10,"column":3}},"2":{"start":{"line":6,"column":22},"end":{"line":6,"column":56}},"3":{"start":{"line":7,"column":3},"end":{"line":7,"column":35}},"4":{"start":{"line":9,"column":3},"end":{"line":9,"column":49}},"5":{"start":{"line":14,"column":0},"end":{"line":14,"column":36}}},"fnMap":{"0":{"name":"(anonymous_0)","decl":{"start":{"line":4,"column":1},"end":{"line":4,"column":2}},"loc":{"start":{"line":4,"column":39},"end":{"line":11,"column":2}},"line":4}},"branchMap":{},"s":{"0":5,"1":1,"2":1,"3":1,"4":0,"5":5},"f":{"0":1},"b":{},"_coverageSchema":"1a1c01bbd47fc00a2c39e90264f33305004495a9","hash":"15072913afc785d8928da38644e163dca1d1d6ae"}
,"C:\\Users\\User\\Dropbox\\Projetos\\API_Controle_Financeiro\\api\\controllers\\despesasController.js": {"path":"C:\\Users\\User\\Dropbox\\Projetos\\API_Controle_Financeiro\\api\\controllers\\despesasController.js","statementMap":{"0":{"start":{"line":1,"column":17},"end":{"line":1,"column":37}},"1":{"start":{"line":5,"column":21},"end":{"line":5,"column":36}},"2":{"start":{"line":6,"column":25},"end":{"line":6,"column":27}},"3":{"start":{"line":7,"column":2},"end":{"line":25,"column":3}},"4":{"start":{"line":8,"column":20},"end":{"line":8,"column":53}},"5":{"start":{"line":9,"column":3},"end":{"line":22,"column":4}},"6":{"start":{"line":10,"column":4},"end":{"line":10,"column":34}},"7":{"start":{"line":12,"column":4},"end":{"line":16,"column":7}},"8":{"start":{"line":12,"column":17},"end":{"line":12,"column":18}},"9":{"start":{"line":13,"column":26},"end":{"line":13,"column":63}},"10":{"start":{"line":14,"column":5},"end":{"line":16,"column":6}},"11":{"start":{"line":15,"column":6},"end":{"line":15,"column":38}},"12":{"start":{"line":17,"column":4},"end":{"line":21,"column":5}},"13":{"start":{"line":18,"column":5},"end":{"line":18,"column":41}},"14":{"start":{"line":20,"column":5},"end":{"line":20,"column":87}},"15":{"start":{"line":24,"column":3},"end":{"line":24,"column":49}},"16":{"start":{"line":28,"column":17},"end":{"line":28,"column":27}},"17":{"start":{"line":29,"column":2},"end":{"line":38,"column":3}},"18":{"start":{"line":30,"column":19},"end":{"line":30,"column":81}},"19":{"start":{"line":31,"column":3},"end":{"line":35,"column":4}},"20":{"start":{"line":32,"column":4},"end":{"line":32,"column":33}},"21":{"start":{"line":34,"column":4},"end":{"line":34,"column":63}},"22":{"start":{"line":37,"column":3},"end":{"line":37,"column":49}},"23":{"start":{"line":41,"column":14},"end":{"line":41,"column":28}},"24":{"start":{"line":42,"column":14},"end":{"line":42,"column":28}},"25":{"start":{"line":43,"column":15},"end":{"line":43,"column":30}},"26":{"start":{"line":44,"column":28},"end":{"line":44,"column":30}},"27":{"start":{"line":45,"column":2},"end":{"line":60,"column":3}},"28":{"start":{"line":46,"column":20},"end":{"line":46,"column":53}},"29":{"start":{"line":47,"column":3},"end":{"line":52,"column":4}},"30":{"start":{"line":47,"column":16},"end":{"line":47,"column":17}},"31":{"start":{"line":48,"column":20},"end":{"line":48,"column":65}},"32":{"start":{"line":49,"column":4},"end":{"line":51,"column":5}},"33":{"start":{"line":50,"column":5},"end":{"line":50,"column":40}},"34":{"start":{"line":53,"column":3},"end":{"line":57,"column":4}},"35":{"start":{"line":54,"column":4},"end":{"line":54,"column":43}},"36":{"start":{"line":56,"column":4},"end":{"line":56,"column":86}},"37":{"start":{"line":59,"column":3},"end":{"line":59,"column":49}},"38":{"start":{"line":63,"column":2},"end":{"line":69,"column":3}},"39":{"start":{"line":64,"column":28},"end":{"line":64,"column":36}},"40":{"start":{"line":65,"column":23},"end":{"line":65,"column":71}},"41":{"start":{"line":66,"column":3},"end":{"line":66,"column":36}},"42":{"start":{"line":68,"column":3},"end":{"line":68,"column":49}},"43":{"start":{"line":72,"column":17},"end":{"line":72,"column":27}},"44":{"start":{"line":73,"column":22},"end":{"line":73,"column":30}},"45":{"start":{"line":74,"column":2},"end":{"line":79,"column":3}},"46":{"start":{"line":75,"column":3},"end":{"line":75,"column":77}},"47":{"start":{"line":76,"column":3},"end":{"line":76,"column":81}},"48":{"start":{"line":78,"column":3},"end":{"line":78,"column":45}},"49":{"start":{"line":82,"column":17},"end":{"line":82,"column":27}},"50":{"start":{"line":83,"column":2},"end":{"line":88,"column":3}},"51":{"start":{"line":84,"column":3},"end":{"line":84,"column":65}},"52":{"start":{"line":85,"column":3},"end":{"line":85,"column":92}},"53":{"start":{"line":87,"column":3},"end":{"line":87,"column":45}},"54":{"start":{"line":91,"column":17},"end":{"line":91,"column":27}},"55":{"start":{"line":92,"column":2},"end":{"line":97,"column":3}},"56":{"start":{"line":93,"column":3},"end":{"line":93,"column":65}},"57":{"start":{"line":94,"column":3},"end":{"line":94,"column":64}},"58":{"start":{"line":96,"column":3},"end":{"line":96,"column":45}},"59":{"start":{"line":101,"column":0},"end":{"line":101,"column":35}}},"fnMap":{"0":{"name":"(anonymous_0)","decl":{"start":{"line":4,"column":1},"end":{"line":4,"column":2}},"loc":{"start":{"line":4,"column":38},"end":{"line":26,"column":2}},"line":4},"1":{"name":"(anonymous_1)","decl":{"start":{"line":27,"column":1},"end":{"line":27,"column":2}},"loc":{"start":{"line":27,"column":42},"end":{"line":39,"column":2}},"line":27},"2":{"name":"(anonymous_2)","decl":{"start":{"line":40,"column":1},"end":{"line":40,"column":2}},"loc":{"start":{"line":40,"column":48},"end":{"line":61,"column":2}},"line":40},"3":{"name":"(anonymous_3)","decl":{"start":{"line":62,"column":1},"end":{"line":62,"column":2}},"loc":{"start":{"line":62,"column":41},"end":{"line":70,"column":2}},"line":62},"4":{"name":"(anonymous_4)","decl":{"start":{"line":71,"column":1},"end":{"line":71,"column":2}},"loc":{"start":{"line":71,"column":40},"end":{"line":80,"column":2}},"line":71},"5":{"name":"(anonymous_5)","decl":{"start":{"line":81,"column":1},"end":{"line":81,"column":2}},"loc":{"start":{"line":81,"column":40},"end":{"line":89,"column":2}},"line":81},"6":{"name":"(anonymous_6)","decl":{"start":{"line":90,"column":1},"end":{"line":90,"column":2}},"loc":{"start":{"line":90,"column":37},"end":{"line":98,"column":2}},"line":90}},"branchMap":{"0":{"loc":{"start":{"line":9,"column":3},"end":{"line":22,"column":4}},"type":"if","locations":[{"start":{"line":9,"column":3},"end":{"line":22,"column":4}},{"start":{"line":11,"column":10},"end":{"line":22,"column":4}}],"line":9},"1":{"loc":{"start":{"line":14,"column":5},"end":{"line":16,"column":6}},"type":"if","locations":[{"start":{"line":14,"column":5},"end":{"line":16,"column":6}},{"start":{},"end":{}}],"line":14},"2":{"loc":{"start":{"line":17,"column":4},"end":{"line":21,"column":5}},"type":"if","locations":[{"start":{"line":17,"column":4},"end":{"line":21,"column":5}},{"start":{"line":19,"column":11},"end":{"line":21,"column":5}}],"line":17},"3":{"loc":{"start":{"line":31,"column":3},"end":{"line":35,"column":4}},"type":"if","locations":[{"start":{"line":31,"column":3},"end":{"line":35,"column":4}},{"start":{"line":33,"column":10},"end":{"line":35,"column":4}}],"line":31},"4":{"loc":{"start":{"line":49,"column":4},"end":{"line":51,"column":5}},"type":"if","locations":[{"start":{"line":49,"column":4},"end":{"line":51,"column":5}},{"start":{},"end":{}}],"line":49},"5":{"loc":{"start":{"line":53,"column":3},"end":{"line":57,"column":4}},"type":"if","locations":[{"start":{"line":53,"column":3},"end":{"line":57,"column":4}},{"start":{"line":55,"column":10},"end":{"line":57,"column":4}}],"line":53}},"s":{"0":5,"1":2,"2":2,"3":2,"4":2,"5":2,"6":1,"7":1,"8":1,"9":35,"10":35,"11":1,"12":1,"13":1,"14":0,"15":0,"16":1,"17":1,"18":1,"19":1,"20":1,"21":0,"22":0,"23":1,"24":1,"25":1,"26":1,"27":1,"28":1,"29":1,"30":1,"31":35,"32":35,"33":35,"34":1,"35":1,"36":0,"37":0,"38":1,"39":1,"40":1,"41":1,"42":0,"43":1,"44":1,"45":1,"46":1,"47":1,"48":0,"49":1,"50":1,"51":1,"52":1,"53":0,"54":1,"55":1,"56":1,"57":1,"58":0,"59":5},"f":{"0":2,"1":1,"2":1,"3":1,"4":1,"5":1,"6":1},"b":{"0":[1,1],"1":[1,34],"2":[1,0],"3":[1,0],"4":[35,0],"5":[1,0]},"_coverageSchema":"1a1c01bbd47fc00a2c39e90264f33305004495a9","hash":"f598d0f45b29a04a8a0db4be210df31bbe7a5e5d"}
,"C:\\Users\\User\\Dropbox\\Projetos\\API_Controle_Financeiro\\api\\controllers\\receitasController.js": {"path":"C:\\Users\\User\\Dropbox\\Projetos\\API_Controle_Financeiro\\api\\controllers\\receitasController.js","statementMap":{"0":{"start":{"line":1,"column":17},"end":{"line":1,"column":37}},"1":{"start":{"line":5,"column":21},"end":{"line":5,"column":36}},"2":{"start":{"line":6,"column":25},"end":{"line":6,"column":27}},"3":{"start":{"line":7,"column":2},"end":{"line":25,"column":3}},"4":{"start":{"line":8,"column":20},"end":{"line":8,"column":53}},"5":{"start":{"line":9,"column":3},"end":{"line":22,"column":4}},"6":{"start":{"line":10,"column":4},"end":{"line":10,"column":34}},"7":{"start":{"line":12,"column":4},"end":{"line":16,"column":7}},"8":{"start":{"line":12,"column":17},"end":{"line":12,"column":18}},"9":{"start":{"line":13,"column":26},"end":{"line":13,"column":63}},"10":{"start":{"line":14,"column":5},"end":{"line":16,"column":6}},"11":{"start":{"line":15,"column":6},"end":{"line":15,"column":38}},"12":{"start":{"line":17,"column":4},"end":{"line":21,"column":5}},"13":{"start":{"line":18,"column":5},"end":{"line":18,"column":41}},"14":{"start":{"line":20,"column":5},"end":{"line":20,"column":85}},"15":{"start":{"line":24,"column":3},"end":{"line":24,"column":49}},"16":{"start":{"line":28,"column":17},"end":{"line":28,"column":27}},"17":{"start":{"line":29,"column":2},"end":{"line":38,"column":3}},"18":{"start":{"line":30,"column":19},"end":{"line":30,"column":79}},"19":{"start":{"line":31,"column":3},"end":{"line":35,"column":4}},"20":{"start":{"line":32,"column":4},"end":{"line":32,"column":33}},"21":{"start":{"line":34,"column":4},"end":{"line":34,"column":63}},"22":{"start":{"line":37,"column":3},"end":{"line":37,"column":49}},"23":{"start":{"line":41,"column":14},"end":{"line":41,"column":28}},"24":{"start":{"line":42,"column":14},"end":{"line":42,"column":28}},"25":{"start":{"line":43,"column":15},"end":{"line":43,"column":30}},"26":{"start":{"line":44,"column":28},"end":{"line":44,"column":30}},"27":{"start":{"line":45,"column":2},"end":{"line":60,"column":3}},"28":{"start":{"line":46,"column":20},"end":{"line":46,"column":53}},"29":{"start":{"line":47,"column":3},"end":{"line":52,"column":4}},"30":{"start":{"line":47,"column":16},"end":{"line":47,"column":17}},"31":{"start":{"line":48,"column":20},"end":{"line":48,"column":65}},"32":{"start":{"line":49,"column":4},"end":{"line":51,"column":5}},"33":{"start":{"line":50,"column":5},"end":{"line":50,"column":40}},"34":{"start":{"line":53,"column":3},"end":{"line":57,"column":4}},"35":{"start":{"line":54,"column":4},"end":{"line":54,"column":43}},"36":{"start":{"line":56,"column":4},"end":{"line":56,"column":84}},"37":{"start":{"line":59,"column":3},"end":{"line":59,"column":49}},"38":{"start":{"line":63,"column":2},"end":{"line":69,"column":3}},"39":{"start":{"line":64,"column":28},"end":{"line":64,"column":36}},"40":{"start":{"line":65,"column":23},"end":{"line":65,"column":71}},"41":{"start":{"line":66,"column":3},"end":{"line":66,"column":36}},"42":{"start":{"line":68,"column":3},"end":{"line":68,"column":49}},"43":{"start":{"line":72,"column":17},"end":{"line":72,"column":27}},"44":{"start":{"line":73,"column":22},"end":{"line":73,"column":30}},"45":{"start":{"line":74,"column":2},"end":{"line":79,"column":3}},"46":{"start":{"line":75,"column":3},"end":{"line":75,"column":77}},"47":{"start":{"line":76,"column":3},"end":{"line":76,"column":81}},"48":{"start":{"line":78,"column":3},"end":{"line":78,"column":45}},"49":{"start":{"line":82,"column":17},"end":{"line":82,"column":27}},"50":{"start":{"line":83,"column":2},"end":{"line":88,"column":3}},"51":{"start":{"line":84,"column":3},"end":{"line":84,"column":65}},"52":{"start":{"line":85,"column":3},"end":{"line":85,"column":92}},"53":{"start":{"line":87,"column":3},"end":{"line":87,"column":45}},"54":{"start":{"line":91,"column":17},"end":{"line":91,"column":27}},"55":{"start":{"line":92,"column":2},"end":{"line":97,"column":3}},"56":{"start":{"line":93,"column":3},"end":{"line":93,"column":65}},"57":{"start":{"line":94,"column":3},"end":{"line":94,"column":64}},"58":{"start":{"line":96,"column":3},"end":{"line":96,"column":45}},"59":{"start":{"line":102,"column":0},"end":{"line":102,"column":35}}},"fnMap":{"0":{"name":"(anonymous_0)","decl":{"start":{"line":4,"column":1},"end":{"line":4,"column":2}},"loc":{"start":{"line":4,"column":38},"end":{"line":26,"column":2}},"line":4},"1":{"name":"(anonymous_1)","decl":{"start":{"line":27,"column":1},"end":{"line":27,"column":2}},"loc":{"start":{"line":27,"column":42},"end":{"line":39,"column":2}},"line":27},"2":{"name":"(anonymous_2)","decl":{"start":{"line":40,"column":1},"end":{"line":40,"column":2}},"loc":{"start":{"line":40,"column":48},"end":{"line":61,"column":2}},"line":40},"3":{"name":"(anonymous_3)","decl":{"start":{"line":62,"column":1},"end":{"line":62,"column":2}},"loc":{"start":{"line":62,"column":41},"end":{"line":70,"column":2}},"line":62},"4":{"name":"(anonymous_4)","decl":{"start":{"line":71,"column":1},"end":{"line":71,"column":2}},"loc":{"start":{"line":71,"column":40},"end":{"line":80,"column":2}},"line":71},"5":{"name":"(anonymous_5)","decl":{"start":{"line":81,"column":1},"end":{"line":81,"column":2}},"loc":{"start":{"line":81,"column":40},"end":{"line":89,"column":2}},"line":81},"6":{"name":"(anonymous_6)","decl":{"start":{"line":90,"column":1},"end":{"line":90,"column":2}},"loc":{"start":{"line":90,"column":37},"end":{"line":98,"column":2}},"line":90}},"branchMap":{"0":{"loc":{"start":{"line":9,"column":3},"end":{"line":22,"column":4}},"type":"if","locations":[{"start":{"line":9,"column":3},"end":{"line":22,"column":4}},{"start":{"line":11,"column":10},"end":{"line":22,"column":4}}],"line":9},"1":{"loc":{"start":{"line":14,"column":5},"end":{"line":16,"column":6}},"type":"if","locations":[{"start":{"line":14,"column":5},"end":{"line":16,"column":6}},{"start":{},"end":{}}],"line":14},"2":{"loc":{"start":{"line":17,"column":4},"end":{"line":21,"column":5}},"type":"if","locations":[{"start":{"line":17,"column":4},"end":{"line":21,"column":5}},{"start":{"line":19,"column":11},"end":{"line":21,"column":5}}],"line":17},"3":{"loc":{"start":{"line":31,"column":3},"end":{"line":35,"column":4}},"type":"if","locations":[{"start":{"line":31,"column":3},"end":{"line":35,"column":4}},{"start":{"line":33,"column":10},"end":{"line":35,"column":4}}],"line":31},"4":{"loc":{"start":{"line":49,"column":4},"end":{"line":51,"column":5}},"type":"if","locations":[{"start":{"line":49,"column":4},"end":{"line":51,"column":5}},{"start":{},"end":{}}],"line":49},"5":{"loc":{"start":{"line":53,"column":3},"end":{"line":57,"column":4}},"type":"if","locations":[{"start":{"line":53,"column":3},"end":{"line":57,"column":4}},{"start":{"line":55,"column":10},"end":{"line":57,"column":4}}],"line":53}},"s":{"0":5,"1":2,"2":2,"3":2,"4":2,"5":2,"6":1,"7":1,"8":1,"9":23,"10":23,"11":1,"12":1,"13":1,"14":0,"15":0,"16":1,"17":1,"18":1,"19":1,"20":1,"21":0,"22":0,"23":1,"24":1,"25":1,"26":1,"27":1,"28":1,"29":1,"30":1,"31":23,"32":23,"33":23,"34":1,"35":1,"36":0,"37":0,"38":1,"39":1,"40":1,"41":1,"42":0,"43":1,"44":1,"45":1,"46":1,"47":1,"48":0,"49":1,"50":1,"51":1,"52":1,"53":0,"54":1,"55":1,"56":1,"57":1,"58":0,"59":5},"f":{"0":2,"1":1,"2":1,"3":1,"4":1,"5":1,"6":1},"b":{"0":[1,1],"1":[1,22],"2":[1,0],"3":[1,0],"4":[23,0],"5":[1,0]},"_coverageSchema":"1a1c01bbd47fc00a2c39e90264f33305004495a9","hash":"bb399be7d5c63e2a4be620c654431287323e9299"}
,"C:\\Users\\User\\Dropbox\\Projetos\\API_Controle_Financeiro\\api\\controllers\\relatorioController.js": {"path":"C:\\Users\\User\\Dropbox\\Projetos\\API_Controle_Financeiro\\api\\controllers\\relatorioController.js","statementMap":{"0":{"start":{"line":1,"column":17},"end":{"line":1,"column":37}},"1":{"start":{"line":5,"column":2},"end":{"line":10,"column":3}},"2":{"start":{"line":6,"column":22},"end":{"line":6,"column":56}},"3":{"start":{"line":7,"column":3},"end":{"line":7,"column":35}},"4":{"start":{"line":9,"column":3},"end":{"line":9,"column":49}},"5":{"start":{"line":13,"column":14},"end":{"line":13,"column":28}},"6":{"start":{"line":14,"column":14},"end":{"line":14,"column":28}},"7":{"start":{"line":15,"column":2},"end":{"line":24,"column":3}},"8":{"start":{"line":16,"column":21},"end":{"line":16,"column":86}},"9":{"start":{"line":17,"column":3},"end":{"line":21,"column":4}},"10":{"start":{"line":18,"column":4},"end":{"line":18,"column":81}},"11":{"start":{"line":20,"column":4},"end":{"line":20,"column":35}},"12":{"start":{"line":23,"column":3},"end":{"line":23,"column":49}},"13":{"start":{"line":28,"column":0},"end":{"line":28,"column":36}}},"fnMap":{"0":{"name":"(anonymous_0)","decl":{"start":{"line":4,"column":1},"end":{"line":4,"column":2}},"loc":{"start":{"line":4,"column":40},"end":{"line":11,"column":2}},"line":4},"1":{"name":"(anonymous_1)","decl":{"start":{"line":12,"column":1},"end":{"line":12,"column":2}},"loc":{"start":{"line":12,"column":49},"end":{"line":25,"column":2}},"line":12}},"branchMap":{"0":{"loc":{"start":{"line":17,"column":3},"end":{"line":21,"column":4}},"type":"if","locations":[{"start":{"line":17,"column":3},"end":{"line":21,"column":4}},{"start":{"line":19,"column":10},"end":{"line":21,"column":4}}],"line":17}},"s":{"0":5,"1":1,"2":1,"3":1,"4":0,"5":1,"6":1,"7":1,"8":1,"9":1,"10":0,"11":1,"12":0,"13":5},"f":{"0":1,"1":1},"b":{"0":[0,1]},"_coverageSchema":"1a1c01bbd47fc00a2c39e90264f33305004495a9","hash":"84cbf13a01e283e5ca1ff9cf5348f57f0d299fbd"}
,"C:\\Users\\User\\Dropbox\\Projetos\\API_Controle_Financeiro\\api\\controllers\\usuariosController.js": {"path":"C:\\Users\\User\\Dropbox\\Projetos\\API_Controle_Financeiro\\api\\controllers\\usuariosController.js","statementMap":{"0":{"start":{"line":1,"column":17},"end":{"line":1,"column":37}},"1":{"start":{"line":2,"column":15},"end":{"line":2,"column":32}},"2":{"start":{"line":3,"column":12},"end":{"line":3,"column":35}},"3":{"start":{"line":6,"column":19},"end":{"line":6,"column":21}},"4":{"start":{"line":7,"column":14},"end":{"line":7,"column":43}},"5":{"start":{"line":8,"column":1},"end":{"line":8,"column":12}},"6":{"start":{"line":12,"column":17},"end":{"line":14,"column":2}},"7":{"start":{"line":16,"column":15},"end":{"line":16,"column":55}},"8":{"start":{"line":17,"column":1},"end":{"line":17,"column":13}},"9":{"start":{"line":23,"column":16},"end":{"line":23,"column":38}},"10":{"start":{"line":24,"column":2},"end":{"line":24,"column":33}},"11":{"start":{"line":25,"column":2},"end":{"line":25,"column":24}},"12":{"start":{"line":29,"column":2},"end":{"line":34,"column":3}},"13":{"start":{"line":30,"column":20},"end":{"line":30,"column":53}},"14":{"start":{"line":31,"column":3},"end":{"line":31,"column":33}},"15":{"start":{"line":33,"column":3},"end":{"line":33,"column":49}},"16":{"start":{"line":38,"column":17},"end":{"line":38,"column":27}},"17":{"start":{"line":39,"column":2},"end":{"line":48,"column":3}},"18":{"start":{"line":40,"column":19},"end":{"line":40,"column":79}},"19":{"start":{"line":41,"column":3},"end":{"line":45,"column":4}},"20":{"start":{"line":42,"column":4},"end":{"line":42,"column":33}},"21":{"start":{"line":44,"column":4},"end":{"line":44,"column":61}},"22":{"start":{"line":47,"column":3},"end":{"line":47,"column":49}},"23":{"start":{"line":52,"column":2},"end":{"line":60,"column":3}},"24":{"start":{"line":53,"column":28},"end":{"line":53,"column":36}},"25":{"start":{"line":54,"column":21},"end":{"line":54,"column":64}},"26":{"start":{"line":55,"column":3},"end":{"line":55,"column":37}},"27":{"start":{"line":56,"column":23},"end":{"line":56,"column":71}},"28":{"start":{"line":57,"column":3},"end":{"line":57,"column":36}},"29":{"start":{"line":59,"column":3},"end":{"line":59,"column":49}},"30":{"start":{"line":64,"column":17},"end":{"line":64,"column":27}},"31":{"start":{"line":65,"column":22},"end":{"line":65,"column":30}},"32":{"start":{"line":66,"column":2},"end":{"line":71,"column":3}},"33":{"start":{"line":67,"column":3},"end":{"line":67,"column":77}},"34":{"start":{"line":68,"column":3},"end":{"line":68,"column":81}},"35":{"start":{"line":70,"column":3},"end":{"line":70,"column":45}},"36":{"start":{"line":75,"column":17},"end":{"line":75,"column":27}},"37":{"start":{"line":76,"column":2},"end":{"line":86,"column":3}},"38":{"start":{"line":77,"column":3},"end":{"line":83,"column":5}},"39":{"start":{"line":78,"column":4},"end":{"line":78,"column":92}},"40":{"start":{"line":79,"column":4},"end":{"line":79,"column":100}},"41":{"start":{"line":80,"column":4},"end":{"line":80,"column":100}},"42":{"start":{"line":81,"column":4},"end":{"line":81,"column":101}},"43":{"start":{"line":82,"column":4},"end":{"line":82,"column":104}},"44":{"start":{"line":85,"column":3},"end":{"line":85,"column":45}},"45":{"start":{"line":90,"column":17},"end":{"line":90,"column":27}},"46":{"start":{"line":91,"column":2},"end":{"line":96,"column":3}},"47":{"start":{"line":92,"column":3},"end":{"line":92,"column":65}},"48":{"start":{"line":93,"column":3},"end":{"line":93,"column":92}},"49":{"start":{"line":95,"column":3},"end":{"line":95,"column":45}},"50":{"start":{"line":100,"column":0},"end":{"line":100,"column":35}}},"fnMap":{"0":{"name":"geraSenhaHash","decl":{"start":{"line":5,"column":9},"end":{"line":5,"column":22}},"loc":{"start":{"line":5,"column":30},"end":{"line":9,"column":1}},"line":5},"1":{"name":"criaTokenJWT","decl":{"start":{"line":11,"column":9},"end":{"line":11,"column":21}},"loc":{"start":{"line":11,"column":32},"end":{"line":18,"column":1}},"line":11},"2":{"name":"(anonymous_2)","decl":{"start":{"line":22,"column":1},"end":{"line":22,"column":2}},"loc":{"start":{"line":22,"column":31},"end":{"line":26,"column":2}},"line":22},"3":{"name":"(anonymous_3)","decl":{"start":{"line":28,"column":1},"end":{"line":28,"column":2}},"loc":{"start":{"line":28,"column":38},"end":{"line":35,"column":2}},"line":28},"4":{"name":"(anonymous_4)","decl":{"start":{"line":37,"column":1},"end":{"line":37,"column":2}},"loc":{"start":{"line":37,"column":42},"end":{"line":49,"column":2}},"line":37},"5":{"name":"(anonymous_5)","decl":{"start":{"line":51,"column":1},"end":{"line":51,"column":2}},"loc":{"start":{"line":51,"column":41},"end":{"line":61,"column":2}},"line":51},"6":{"name":"(anonymous_6)","decl":{"start":{"line":63,"column":1},"end":{"line":63,"column":2}},"loc":{"start":{"line":63,"column":40},"end":{"line":72,"column":2}},"line":63},"7":{"name":"(anonymous_7)","decl":{"start":{"line":74,"column":1},"end":{"line":74,"column":2}},"loc":{"start":{"line":74,"column":37},"end":{"line":87,"column":2}},"line":74},"8":{"name":"(anonymous_8)","decl":{"start":{"line":77,"column":34},"end":{"line":77,"column":35}},"loc":{"start":{"line":77,"column":53},"end":{"line":83,"column":4}},"line":77},"9":{"name":"(anonymous_9)","decl":{"start":{"line":89,"column":1},"end":{"line":89,"column":2}},"loc":{"start":{"line":89,"column":40},"end":{"line":97,"column":2}},"line":89}},"branchMap":{"0":{"loc":{"start":{"line":41,"column":3},"end":{"line":45,"column":4}},"type":"if","locations":[{"start":{"line":41,"column":3},"end":{"line":45,"column":4}},{"start":{"line":43,"column":10},"end":{"line":45,"column":4}}],"line":41}},"s":{"0":5,"1":5,"2":5,"3":1,"4":1,"5":1,"6":3,"7":3,"8":3,"9":3,"10":3,"11":3,"12":1,"13":1,"14":1,"15":0,"16":1,"17":1,"18":1,"19":1,"20":1,"21":0,"22":0,"23":1,"24":1,"25":1,"26":1,"27":1,"28":1,"29":0,"30":1,"31":1,"32":1,"33":1,"34":1,"35":0,"36":1,"37":1,"38":1,"39":1,"40":1,"41":1,"42":1,"43":1,"44":0,"45":1,"46":1,"47":1,"48":1,"49":0,"50":5},"f":{"0":1,"1":3,"2":3,"3":1,"4":1,"5":1,"6":1,"7":1,"8":1,"9":1},"b":{"0":[1,0]},"_coverageSchema":"1a1c01bbd47fc00a2c39e90264f33305004495a9","hash":"a3e6274b905c9bcf5363c879b2a7a2445eaeb26f"}
,"C:\\Users\\User\\Dropbox\\Projetos\\API_Controle_Financeiro\\api\\models\\categoria.js": {"path":"C:\\Users\\User\\Dropbox\\Projetos\\API_Controle_Financeiro\\api\\models\\categoria.js","statementMap":{"0":{"start":{"line":3,"column":18},"end":{"line":3,"column":38}},"1":{"start":{"line":4,"column":0},"end":{"line":22,"column":1}},"2":{"start":{"line":12,"column":3},"end":{"line":12,"column":69}},"3":{"start":{"line":15,"column":1},"end":{"line":20,"column":3}},"4":{"start":{"line":21,"column":1},"end":{"line":21,"column":17}}},"fnMap":{"0":{"name":"(anonymous_0)","decl":{"start":{"line":4,"column":17},"end":{"line":4,"column":18}},"loc":{"start":{"line":4,"column":43},"end":{"line":22,"column":1}},"line":4},"1":{"name":"(anonymous_1)","decl":{"start":{"line":11,"column":2},"end":{"line":11,"column":3}},"loc":{"start":{"line":11,"column":27},"end":{"line":13,"column":3}},"line":11}},"branchMap":{},"s":{"0":5,"1":5,"2":5,"3":5,"4":5},"f":{"0":5,"1":5},"b":{},"_coverageSchema":"1a1c01bbd47fc00a2c39e90264f33305004495a9","hash":"bcbb9735f1e953e29d84d95c88bd4ae166a1265a"}
,"C:\\Users\\User\\Dropbox\\Projetos\\API_Controle_Financeiro\\api\\models\\despesas.js": {"path":"C:\\Users\\User\\Dropbox\\Projetos\\API_Controle_Financeiro\\api\\models\\despesas.js","statementMap":{"0":{"start":{"line":4,"column":4},"end":{"line":4,"column":24}},"1":{"start":{"line":5,"column":0},"end":{"line":34,"column":1}},"2":{"start":{"line":13,"column":3},"end":{"line":13,"column":71}},"3":{"start":{"line":14,"column":3},"end":{"line":14,"column":68}},"4":{"start":{"line":17,"column":1},"end":{"line":32,"column":3}},"5":{"start":{"line":22,"column":5},"end":{"line":22,"column":82}},"6":{"start":{"line":22,"column":26},"end":{"line":22,"column":82}},"7":{"start":{"line":33,"column":1},"end":{"line":33,"column":16}}},"fnMap":{"0":{"name":"(anonymous_0)","decl":{"start":{"line":5,"column":17},"end":{"line":5,"column":18}},"loc":{"start":{"line":5,"column":43},"end":{"line":34,"column":1}},"line":5},"1":{"name":"(anonymous_1)","decl":{"start":{"line":12,"column":2},"end":{"line":12,"column":3}},"loc":{"start":{"line":12,"column":27},"end":{"line":15,"column":3}},"line":12},"2":{"name":"(anonymous_2)","decl":{"start":{"line":21,"column":23},"end":{"line":21,"column":24}},"loc":{"start":{"line":21,"column":38},"end":{"line":23,"column":5}},"line":21}},"branchMap":{"0":{"loc":{"start":{"line":22,"column":5},"end":{"line":22,"column":82}},"type":"if","locations":[{"start":{"line":22,"column":5},"end":{"line":22,"column":82}},{"start":{},"end":{}}],"line":22}},"s":{"0":5,"1":5,"2":5,"3":5,"4":5,"5":2,"6":0,"7":5},"f":{"0":5,"1":5,"2":2},"b":{"0":[0,2]},"_coverageSchema":"1a1c01bbd47fc00a2c39e90264f33305004495a9","hash":"87ba535940bee52c33106b10cb26ada28ef7f3d5"}
,"C:\\Users\\User\\Dropbox\\Projetos\\API_Controle_Financeiro\\api\\models\\index.js": {"path":"C:\\Users\\User\\Dropbox\\Projetos\\API_Controle_Financeiro\\api\\models\\index.js","statementMap":{"0":{"start":{"line":3,"column":0},"end":{"line":3,"column":26}},"1":{"start":{"line":4,"column":11},"end":{"line":4,"column":24}},"2":{"start":{"line":5,"column":13},"end":{"line":5,"column":28}},"3":{"start":{"line":6,"column":18},"end":{"line":6,"column":38}},"4":{"start":{"line":7,"column":16},"end":{"line":7,"column":34}},"5":{"start":{"line":8,"column":17},"end":{"line":8,"column":42}},"6":{"start":{"line":9,"column":12},"end":{"line":9,"column":32}},"7":{"start":{"line":10,"column":15},"end":{"line":10,"column":65}},"8":{"start":{"line":11,"column":11},"end":{"line":11,"column":13}},"9":{"start":{"line":15,"column":0},"end":{"line":15,"column":40}},"10":{"start":{"line":17,"column":0},"end":{"line":21,"column":1}},"11":{"start":{"line":18,"column":1},"end":{"line":18,"column":72}},"12":{"start":{"line":20,"column":1},"end":{"line":20,"column":85}},"13":{"start":{"line":23,"column":0},"end":{"line":31,"column":3}},"14":{"start":{"line":26,"column":2},"end":{"line":26,"column":87}},"15":{"start":{"line":29,"column":16},"end":{"line":29,"column":83}},"16":{"start":{"line":30,"column":2},"end":{"line":30,"column":24}},"17":{"start":{"line":33,"column":0},"end":{"line":37,"column":2}},"18":{"start":{"line":34,"column":1},"end":{"line":36,"column":2}},"19":{"start":{"line":35,"column":2},"end":{"line":35,"column":29}},"20":{"start":{"line":39,"column":0},"end":{"line":39,"column":24}},"21":{"start":{"line":40,"column":0},"end":{"line":40,"column":24}},"22":{"start":{"line":42,"column":0},"end":{"line":42,"column":19}}},"fnMap":{"0":{"name":"(anonymous_0)","decl":{"start":{"line":25,"column":9},"end":{"line":25,"column":10}},"loc":{"start":{"line":25,"column":17},"end":{"line":27,"column":2}},"line":25},"1":{"name":"(anonymous_1)","decl":{"start":{"line":28,"column":10},"end":{"line":28,"column":11}},"loc":{"start":{"line":28,"column":18},"end":{"line":31,"column":2}},"line":28},"2":{"name":"(anonymous_2)","decl":{"start":{"line":33,"column":24},"end":{"line":33,"column":25}},"loc":{"start":{"line":33,"column":37},"end":{"line":37,"column":1}},"line":33}},"branchMap":{"0":{"loc":{"start":{"line":17,"column":0},"end":{"line":21,"column":1}},"type":"if","locations":[{"start":{"line":17,"column":0},"end":{"line":21,"column":1}},{"start":{"line":19,"column":7},"end":{"line":21,"column":1}}],"line":17},"1":{"loc":{"start":{"line":26,"column":9},"end":{"line":26,"column":87}},"type":"binary-expr","locations":[{"start":{"line":26,"column":10},"end":{"line":26,"column":33}},{"start":{"line":26,"column":39},"end":{"line":26,"column":56}},{"start":{"line":26,"column":62},"end":{"line":26,"column":86}}],"line":26},"2":{"loc":{"start":{"line":34,"column":1},"end":{"line":36,"column":2}},"type":"if","locations":[{"start":{"line":34,"column":1},"end":{"line":36,"column":2}},{"start":{},"end":{}}],"line":34}},"s":{"0":5,"1":5,"2":5,"3":5,"4":5,"5":5,"6":5,"7":5,"8":5,"9":5,"10":5,"11":0,"12":5,"13":5,"14":30,"15":25,"16":25,"17":5,"18":25,"19":25,"20":5,"21":5,"22":5},"f":{"0":30,"1":25,"2":25},"b":{"0":[0,5],"1":[30,30,25],"2":[25,0]},"_coverageSchema":"1a1c01bbd47fc00a2c39e90264f33305004495a9","hash":"dceb12c957df1071c0d3b123eabe0661cc6e323a"}
,"C:\\Users\\User\\Dropbox\\Projetos\\API_Controle_Financeiro\\api\\models\\receitas.js": {"path":"C:\\Users\\User\\Dropbox\\Projetos\\API_Controle_Financeiro\\api\\models\\receitas.js","statementMap":{"0":{"start":{"line":4,"column":4},"end":{"line":4,"column":24}},"1":{"start":{"line":5,"column":0},"end":{"line":33,"column":1}},"2":{"start":{"line":13,"column":3},"end":{"line":13,"column":68}},"3":{"start":{"line":16,"column":1},"end":{"line":31,"column":3}},"4":{"start":{"line":21,"column":5},"end":{"line":21,"column":82}},"5":{"start":{"line":21,"column":26},"end":{"line":21,"column":82}},"6":{"start":{"line":32,"column":1},"end":{"line":32,"column":16}}},"fnMap":{"0":{"name":"(anonymous_0)","decl":{"start":{"line":5,"column":17},"end":{"line":5,"column":18}},"loc":{"start":{"line":5,"column":43},"end":{"line":33,"column":1}},"line":5},"1":{"name":"(anonymous_1)","decl":{"start":{"line":12,"column":2},"end":{"line":12,"column":3}},"loc":{"start":{"line":12,"column":27},"end":{"line":14,"column":3}},"line":12},"2":{"name":"(anonymous_2)","decl":{"start":{"line":20,"column":23},"end":{"line":20,"column":24}},"loc":{"start":{"line":20,"column":38},"end":{"line":22,"column":5}},"line":20}},"branchMap":{"0":{"loc":{"start":{"line":21,"column":5},"end":{"line":21,"column":82}},"type":"if","locations":[{"start":{"line":21,"column":5},"end":{"line":21,"column":82}},{"start":{},"end":{}}],"line":21}},"s":{"0":5,"1":5,"2":5,"3":5,"4":2,"5":0,"6":5},"f":{"0":5,"1":5,"2":2},"b":{"0":[0,2]},"_coverageSchema":"1a1c01bbd47fc00a2c39e90264f33305004495a9","hash":"08228508a89195db45be3c25458fc03f2c252ff8"}
,"C:\\Users\\User\\Dropbox\\Projetos\\API_Controle_Financeiro\\api\\models\\relatorio.js": {"path":"C:\\Users\\User\\Dropbox\\Projetos\\API_Controle_Financeiro\\api\\models\\relatorio.js","statementMap":{"0":{"start":{"line":4,"column":4},"end":{"line":4,"column":24}},"1":{"start":{"line":5,"column":0},"end":{"line":35,"column":1}},"2":{"start":{"line":13,"column":3},"end":{"line":13,"column":69}},"3":{"start":{"line":16,"column":1},"end":{"line":33,"column":3}},"4":{"start":{"line":34,"column":1},"end":{"line":34,"column":17}}},"fnMap":{"0":{"name":"(anonymous_0)","decl":{"start":{"line":5,"column":17},"end":{"line":5,"column":18}},"loc":{"start":{"line":5,"column":43},"end":{"line":35,"column":1}},"line":5},"1":{"name":"(anonymous_1)","decl":{"start":{"line":12,"column":2},"end":{"line":12,"column":3}},"loc":{"start":{"line":12,"column":27},"end":{"line":14,"column":3}},"line":12}},"branchMap":{},"s":{"0":5,"1":5,"2":5,"3":5,"4":5},"f":{"0":5,"1":5},"b":{},"_coverageSchema":"1a1c01bbd47fc00a2c39e90264f33305004495a9","hash":"ef0a7007d43037a599181edbb3c7837eb3204f7e"}
,"C:\\Users\\User\\Dropbox\\Projetos\\API_Controle_Financeiro\\api\\models\\usuarios.js": {"path":"C:\\Users\\User\\Dropbox\\Projetos\\API_Controle_Financeiro\\api\\models\\usuarios.js","statementMap":{"0":{"start":{"line":4,"column":4},"end":{"line":4,"column":24}},"1":{"start":{"line":5,"column":0},"end":{"line":44,"column":1}},"2":{"start":{"line":13,"column":3},"end":{"line":13,"column":66}},"3":{"start":{"line":14,"column":3},"end":{"line":14,"column":66}},"4":{"start":{"line":15,"column":3},"end":{"line":15,"column":67}},"5":{"start":{"line":18,"column":1},"end":{"line":41,"column":3}},"6":{"start":{"line":32,"column":5},"end":{"line":32,"column":82}},"7":{"start":{"line":32,"column":26},"end":{"line":32,"column":82}},"8":{"start":{"line":43,"column":1},"end":{"line":43,"column":16}}},"fnMap":{"0":{"name":"(anonymous_0)","decl":{"start":{"line":5,"column":17},"end":{"line":5,"column":18}},"loc":{"start":{"line":5,"column":43},"end":{"line":44,"column":1}},"line":5},"1":{"name":"(anonymous_1)","decl":{"start":{"line":12,"column":2},"end":{"line":12,"column":3}},"loc":{"start":{"line":12,"column":27},"end":{"line":16,"column":3}},"line":12},"2":{"name":"(anonymous_2)","decl":{"start":{"line":31,"column":23},"end":{"line":31,"column":24}},"loc":{"start":{"line":31,"column":38},"end":{"line":33,"column":5}},"line":31}},"branchMap":{"0":{"loc":{"start":{"line":32,"column":5},"end":{"line":32,"column":82}},"type":"if","locations":[{"start":{"line":32,"column":5},"end":{"line":32,"column":82}},{"start":{},"end":{}}],"line":32}},"s":{"0":5,"1":5,"2":5,"3":5,"4":5,"5":5,"6":2,"7":0,"8":5},"f":{"0":5,"1":5,"2":2},"b":{"0":[0,2]},"_coverageSchema":"1a1c01bbd47fc00a2c39e90264f33305004495a9","hash":"bf2e132bdb637e7c3d3e6d6304e49c78bc5bb9af"}
,"C:\\Users\\User\\Dropbox\\Projetos\\API_Controle_Financeiro\\api\\routes\\categoriaRoute.js": {"path":"C:\\Users\\User\\Dropbox\\Projetos\\API_Controle_Financeiro\\api\\routes\\categoriaRoute.js","statementMap":{"0":{"start":{"line":1,"column":19},"end":{"line":1,"column":37}},"1":{"start":{"line":2,"column":28},"end":{"line":2,"column":73}},"2":{"start":{"line":4,"column":15},"end":{"line":4,"column":23}},"3":{"start":{"line":6,"column":0},"end":{"line":6,"column":61}},"4":{"start":{"line":8,"column":0},"end":{"line":8,"column":23}}},"fnMap":{},"branchMap":{},"s":{"0":5,"1":5,"2":5,"3":5,"4":5},"f":{},"b":{},"_coverageSchema":"1a1c01bbd47fc00a2c39e90264f33305004495a9","hash":"45e90e15d92ad239e024e854cc729f255569d8a7"}
,"C:\\Users\\User\\Dropbox\\Projetos\\API_Controle_Financeiro\\api\\routes\\despesasRoute.js": {"path":"C:\\Users\\User\\Dropbox\\Projetos\\API_Controle_Financeiro\\api\\routes\\despesasRoute.js","statementMap":{"0":{"start":{"line":1,"column":19},"end":{"line":1,"column":37}},"1":{"start":{"line":2,"column":27},"end":{"line":2,"column":71}},"2":{"start":{"line":3,"column":32},"end":{"line":3,"column":77}},"3":{"start":{"line":5,"column":15},"end":{"line":5,"column":23}},"4":{"start":{"line":7,"column":0},"end":{"line":14,"column":90}},"5":{"start":{"line":17,"column":0},"end":{"line":17,"column":23}}},"fnMap":{},"branchMap":{},"s":{"0":5,"1":5,"2":5,"3":5,"4":5,"5":5},"f":{},"b":{},"_coverageSchema":"1a1c01bbd47fc00a2c39e90264f33305004495a9","hash":"31405bcfdf4afdb6bd90efa53c2601c90a363ff7"}
,"C:\\Users\\User\\Dropbox\\Projetos\\API_Controle_Financeiro\\api\\routes\\index.js": {"path":"C:\\Users\\User\\Dropbox\\Projetos\\API_Controle_Financeiro\\api\\routes\\index.js","statementMap":{"0":{"start":{"line":1,"column":19},"end":{"line":1,"column":41}},"1":{"start":{"line":2,"column":19},"end":{"line":2,"column":46}},"2":{"start":{"line":3,"column":17},"end":{"line":3,"column":43}},"3":{"start":{"line":4,"column":17},"end":{"line":4,"column":43}},"4":{"start":{"line":5,"column":18},"end":{"line":5,"column":46}},"5":{"start":{"line":6,"column":17},"end":{"line":6,"column":43}},"6":{"start":{"line":7,"column":32},"end":{"line":7,"column":76}},"7":{"start":{"line":8,"column":32},"end":{"line":8,"column":77}},"8":{"start":{"line":10,"column":0},"end":{"line":19,"column":1}},"9":{"start":{"line":11,"column":1},"end":{"line":11,"column":27}},"10":{"start":{"line":12,"column":1},"end":{"line":12,"column":20}},"11":{"start":{"line":13,"column":1},"end":{"line":13,"column":18}},"12":{"start":{"line":14,"column":1},"end":{"line":14,"column":18}},"13":{"start":{"line":15,"column":1},"end":{"line":15,"column":19}},"14":{"start":{"line":16,"column":1},"end":{"line":18,"column":24}}},"fnMap":{"0":{"name":"(anonymous_0)","decl":{"start":{"line":10,"column":17},"end":{"line":10,"column":18}},"loc":{"start":{"line":10,"column":24},"end":{"line":19,"column":1}},"line":10}},"branchMap":{},"s":{"0":5,"1":5,"2":5,"3":5,"4":5,"5":5,"6":5,"7":5,"8":5,"9":5,"10":5,"11":5,"12":5,"13":5,"14":5},"f":{"0":5},"b":{},"_coverageSchema":"1a1c01bbd47fc00a2c39e90264f33305004495a9","hash":"c994dcbc14ff004d502cf202afeb894143713a1a"}
,"C:\\Users\\User\\Dropbox\\Projetos\\API_Controle_Financeiro\\api\\routes\\receitasRoute.js": {"path":"C:\\Users\\User\\Dropbox\\Projetos\\API_Controle_Financeiro\\api\\routes\\receitasRoute.js","statementMap":{"0":{"start":{"line":1,"column":19},"end":{"line":1,"column":37}},"1":{"start":{"line":2,"column":27},"end":{"line":2,"column":71}},"2":{"start":{"line":3,"column":32},"end":{"line":3,"column":77}},"3":{"start":{"line":5,"column":15},"end":{"line":5,"column":23}},"4":{"start":{"line":7,"column":0},"end":{"line":14,"column":91}},"5":{"start":{"line":16,"column":0},"end":{"line":16,"column":23}}},"fnMap":{},"branchMap":{},"s":{"0":5,"1":5,"2":5,"3":5,"4":5,"5":5},"f":{},"b":{},"_coverageSchema":"1a1c01bbd47fc00a2c39e90264f33305004495a9","hash":"a97d1cf6039074eb5f6f18456dc2bb90539da0a1"}
,"C:\\Users\\User\\Dropbox\\Projetos\\API_Controle_Financeiro\\api\\routes\\relatoriosRoute.js": {"path":"C:\\Users\\User\\Dropbox\\Projetos\\API_Controle_Financeiro\\api\\routes\\relatoriosRoute.js","statementMap":{"0":{"start":{"line":1,"column":19},"end":{"line":1,"column":37}},"1":{"start":{"line":2,"column":28},"end":{"line":2,"column":73}},"2":{"start":{"line":4,"column":15},"end":{"line":4,"column":23}},"3":{"start":{"line":6,"column":0},"end":{"line":8,"column":75}},"4":{"start":{"line":10,"column":0},"end":{"line":10,"column":23}}},"fnMap":{},"branchMap":{},"s":{"0":5,"1":5,"2":5,"3":5,"4":5},"f":{},"b":{},"_coverageSchema":"1a1c01bbd47fc00a2c39e90264f33305004495a9","hash":"028ae270907637e96f6b5f55adb979aaf53b9745"}
,"C:\\Users\\User\\Dropbox\\Projetos\\API_Controle_Financeiro\\api\\routes\\usuariosRoute.js": {"path":"C:\\Users\\User\\Dropbox\\Projetos\\API_Controle_Financeiro\\api\\routes\\usuariosRoute.js","statementMap":{"0":{"start":{"line":1,"column":19},"end":{"line":1,"column":37}},"1":{"start":{"line":2,"column":27},"end":{"line":2,"column":71}},"2":{"start":{"line":3,"column":32},"end":{"line":3,"column":77}},"3":{"start":{"line":5,"column":15},"end":{"line":5,"column":23}},"4":{"start":{"line":7,"column":0},"end":{"line":14,"column":90}},"5":{"start":{"line":16,"column":0},"end":{"line":16,"column":23}}},"fnMap":{},"branchMap":{},"s":{"0":5,"1":5,"2":5,"3":5,"4":5,"5":5},"f":{},"b":{},"_coverageSchema":"1a1c01bbd47fc00a2c39e90264f33305004495a9","hash":"6aabdf41a21e6d17d8ce9d8d0d68aa32d1fc1e9e"}
}
