{"C:\\Users\\User\\Dropbox\\Projetos\\API_Controle_Financeiro\\api\\app.js": {"path":"C:\\Users\\User\\Dropbox\\Projetos\\API_Controle_Financeiro\\api\\app.js","statementMap":{"0":{"start":{"line":1,"column":19},"end":{"line":1,"column":41}},"1":{"start":{"line":2,"column":16},"end":{"line":2,"column":34}},"2":{"start":{"line":3,"column":15},"end":{"line":3,"column":34}},"3":{"start":{"line":5,"column":12},"end":{"line":5,"column":21}},"4":{"start":{"line":6,"column":0},"end":{"line":6,"column":26}},"5":{"start":{"line":8,"column":0},"end":{"line":8,"column":11}},"6":{"start":{"line":10,"column":0},"end":{"line":10,"column":20}}},"fnMap":{},"branchMap":{},"s":{"0":4,"1":4,"2":4,"3":4,"4":4,"5":4,"6":4},"f":{},"b":{},"_coverageSchema":"1a1c01bbd47fc00a2c39e90264f33305004495a9","hash":"a9cfd34b2002f46f462f23a3d16f16bf389ee9f1"}
,"C:\\Users\\User\\Dropbox\\Projetos\\API_Controle_Financeiro\\api\\erros.js": {"path":"C:\\Users\\User\\Dropbox\\Projetos\\API_Controle_Financeiro\\api\\erros.js","statementMap":{"0":{"start":{"line":3,"column":2},"end":{"line":3,"column":17}},"1":{"start":{"line":4,"column":2},"end":{"line":4,"column":36}},"2":{"start":{"line":10,"column":2},"end":{"line":10,"column":17}},"3":{"start":{"line":11,"column":2},"end":{"line":11,"column":35}},"4":{"start":{"line":17,"column":19},"end":{"line":17,"column":59}},"5":{"start":{"line":18,"column":2},"end":{"line":18,"column":17}},"6":{"start":{"line":19,"column":2},"end":{"line":19,"column":29}},"7":{"start":{"line":25,"column":19},"end":{"line":25,"column":58}},"8":{"start":{"line":26,"column":2},"end":{"line":26,"column":17}},"9":{"start":{"line":27,"column":2},"end":{"line":27,"column":29}},"10":{"start":{"line":31,"column":0},"end":{"line":31,"column":92}}},"fnMap":{"0":{"name":"(anonymous_0)","decl":{"start":{"line":2,"column":1},"end":{"line":2,"column":2}},"loc":{"start":{"line":2,"column":24},"end":{"line":5,"column":2}},"line":2},"1":{"name":"(anonymous_1)","decl":{"start":{"line":9,"column":1},"end":{"line":9,"column":2}},"loc":{"start":{"line":9,"column":24},"end":{"line":12,"column":2}},"line":9},"2":{"name":"(anonymous_2)","decl":{"start":{"line":16,"column":1},"end":{"line":16,"column":2}},"loc":{"start":{"line":16,"column":24},"end":{"line":20,"column":2}},"line":16},"3":{"name":"(anonymous_3)","decl":{"start":{"line":24,"column":1},"end":{"line":24,"column":2}},"loc":{"start":{"line":24,"column":16},"end":{"line":28,"column":2}},"line":24}},"branchMap":{},"s":{"0":3,"1":3,"2":0,"3":0,"4":0,"5":0,"6":0,"7":0,"8":0,"9":0,"10":4},"f":{"0":3,"1":0,"2":0,"3":0},"b":{},"_coverageSchema":"1a1c01bbd47fc00a2c39e90264f33305004495a9","hash":"9a0ce3e220161597cd4fe89bd8d17e4cac79f8da"}
,"C:\\Users\\User\\Dropbox\\Projetos\\API_Controle_Financeiro\\api\\config\\estrategia-autenticacao.js": {"path":"C:\\Users\\User\\Dropbox\\Projetos\\API_Controle_Financeiro\\api\\config\\estrategia-autenticacao.js","statementMap":{"0":{"start":{"line":1,"column":22},"end":{"line":1,"column":56}},"1":{"start":{"line":2,"column":17},"end":{"line":2,"column":37}},"2":{"start":{"line":3,"column":33},"end":{"line":3,"column":52}},"3":{"start":{"line":4,"column":15},"end":{"line":4,"column":32}},"4":{"start":{"line":5,"column":17},"end":{"line":5,"column":36}},"5":{"start":{"line":6,"column":23},"end":{"line":6,"column":63}},"6":{"start":{"line":7,"column":15},"end":{"line":7,"column":47}},"7":{"start":{"line":10,"column":1},"end":{"line":12,"column":2}},"8":{"start":{"line":11,"column":2},"end":{"line":11,"column":60}},"9":{"start":{"line":16,"column":21},"end":{"line":16,"column":59}},"10":{"start":{"line":17,"column":1},"end":{"line":19,"column":2}},"11":{"start":{"line":18,"column":2},"end":{"line":18,"column":60}},"12":{"start":{"line":23,"column":18},"end":{"line":23,"column":41}},"13":{"start":{"line":24,"column":1},"end":{"line":26,"column":2}},"14":{"start":{"line":25,"column":2},"end":{"line":25,"column":89}},"15":{"start":{"line":30,"column":0},"end":{"line":48,"column":1}},"16":{"start":{"line":31,"column":1},"end":{"line":47,"column":2}},"17":{"start":{"line":37,"column":3},"end":{"line":45,"column":4}},"18":{"start":{"line":38,"column":20},"end":{"line":38,"column":80}},"19":{"start":{"line":39,"column":4},"end":{"line":39,"column":28}},"20":{"start":{"line":40,"column":4},"end":{"line":40,"column":45}},"21":{"start":{"line":41,"column":4},"end":{"line":41,"column":40}},"22":{"start":{"line":42,"column":4},"end":{"line":42,"column":23}},"23":{"start":{"line":44,"column":4},"end":{"line":44,"column":14}},"24":{"start":{"line":50,"column":0},"end":{"line":60,"column":1}},"25":{"start":{"line":52,"column":2},"end":{"line":58,"column":3}},"26":{"start":{"line":53,"column":14},"end":{"line":53,"column":49}},"27":{"start":{"line":54,"column":19},"end":{"line":54,"column":73}},"28":{"start":{"line":55,"column":3},"end":{"line":55,"column":40}},"29":{"start":{"line":57,"column":3},"end":{"line":57,"column":13}}},"fnMap":{"0":{"name":"verificaUsuario","decl":{"start":{"line":9,"column":9},"end":{"line":9,"column":24}},"loc":{"start":{"line":9,"column":34},"end":{"line":13,"column":1}},"line":9},"1":{"name":"verificaSenha","decl":{"start":{"line":15,"column":15},"end":{"line":15,"column":28}},"loc":{"start":{"line":15,"column":47},"end":{"line":20,"column":1}},"line":15},"2":{"name":"vefiricaEmailValidado","decl":{"start":{"line":22,"column":15},"end":{"line":22,"column":36}},"loc":{"start":{"line":22,"column":46},"end":{"line":27,"column":1}},"line":22},"3":{"name":"(anonymous_3)","decl":{"start":{"line":30,"column":17},"end":{"line":30,"column":18}},"loc":{"start":{"line":30,"column":36},"end":{"line":48,"column":1}},"line":30},"4":{"name":"(anonymous_4)","decl":{"start":{"line":36,"column":5},"end":{"line":36,"column":6}},"loc":{"start":{"line":36,"column":35},"end":{"line":46,"column":3}},"line":36},"5":{"name":"(anonymous_5)","decl":{"start":{"line":51,"column":21},"end":{"line":51,"column":22}},"loc":{"start":{"line":51,"column":44},"end":{"line":59,"column":2}},"line":51}},"branchMap":{"0":{"loc":{"start":{"line":10,"column":1},"end":{"line":12,"column":2}},"type":"if","locations":[{"start":{"line":10,"column":1},"end":{"line":12,"column":2}},{"start":{},"end":{}}],"line":10},"1":{"loc":{"start":{"line":17,"column":1},"end":{"line":19,"column":2}},"type":"if","locations":[{"start":{"line":17,"column":1},"end":{"line":19,"column":2}},{"start":{},"end":{}}],"line":17},"2":{"loc":{"start":{"line":24,"column":1},"end":{"line":26,"column":2}},"type":"if","locations":[{"start":{"line":24,"column":1},"end":{"line":26,"column":2}},{"start":{},"end":{}}],"line":24}},"s":{"0":4,"1":4,"2":4,"3":4,"4":4,"5":4,"6":4,"7":5,"8":1,"9":4,"10":4,"11":0,"12":4,"13":4,"14":0,"15":4,"16":4,"17":5,"18":5,"19":5,"20":4,"21":4,"22":4,"23":1,"24":4,"25":17,"26":17,"27":16,"28":16,"29":1},"f":{"0":5,"1":4,"2":4,"3":4,"4":5,"5":17},"b":{"0":[1,4],"1":[0,4],"2":[0,4]},"_coverageSchema":"1a1c01bbd47fc00a2c39e90264f33305004495a9","hash":"c0b92a0cbce38d9c6a2be38bb623a42718eeb62e"}
,"C:\\Users\\User\\Dropbox\\Projetos\\API_Controle_Financeiro\\api\\config\\middlewares-autenticacao.js": {"path":"C:\\Users\\User\\Dropbox\\Projetos\\API_Controle_Financeiro\\api\\config\\middlewares-autenticacao.js","statementMap":{"0":{"start":{"line":1,"column":17},"end":{"line":1,"column":36}},"1":{"start":{"line":2,"column":17},"end":{"line":2,"column":37}},"2":{"start":{"line":3,"column":0},"end":{"line":3,"column":46}},"3":{"start":{"line":4,"column":15},"end":{"line":4,"column":47}},"4":{"start":{"line":6,"column":0},"end":{"line":110,"column":1}},"5":{"start":{"line":8,"column":2},"end":{"line":27,"column":19}},"6":{"start":{"line":12,"column":4},"end":{"line":14,"column":5}},"7":{"start":{"line":13,"column":5},"end":{"line":13,"column":56}},"8":{"start":{"line":16,"column":4},"end":{"line":18,"column":5}},"9":{"start":{"line":17,"column":5},"end":{"line":17,"column":56}},"10":{"start":{"line":20,"column":4},"end":{"line":22,"column":5}},"11":{"start":{"line":21,"column":5},"end":{"line":21,"column":34}},"12":{"start":{"line":24,"column":4},"end":{"line":24,"column":22}},"13":{"start":{"line":25,"column":4},"end":{"line":25,"column":17}},"14":{"start":{"line":31,"column":2},"end":{"line":55,"column":19}},"15":{"start":{"line":35,"column":4},"end":{"line":37,"column":5}},"16":{"start":{"line":36,"column":5},"end":{"line":36,"column":56}},"17":{"start":{"line":39,"column":4},"end":{"line":41,"column":5}},"18":{"start":{"line":40,"column":5},"end":{"line":40,"column":84}},"19":{"start":{"line":43,"column":4},"end":{"line":45,"column":5}},"20":{"start":{"line":44,"column":5},"end":{"line":44,"column":56}},"21":{"start":{"line":47,"column":4},"end":{"line":49,"column":5}},"22":{"start":{"line":48,"column":5},"end":{"line":48,"column":34}},"23":{"start":{"line":51,"column":4},"end":{"line":51,"column":26}},"24":{"start":{"line":52,"column":4},"end":{"line":52,"column":22}},"25":{"start":{"line":53,"column":4},"end":{"line":53,"column":17}},"26":{"start":{"line":59,"column":2},"end":{"line":70,"column":3}},"27":{"start":{"line":60,"column":28},"end":{"line":60,"column":36}},"28":{"start":{"line":61,"column":14},"end":{"line":61,"column":57}},"29":{"start":{"line":62,"column":3},"end":{"line":62,"column":46}},"30":{"start":{"line":63,"column":3},"end":{"line":63,"column":68}},"31":{"start":{"line":64,"column":3},"end":{"line":64,"column":16}},"32":{"start":{"line":66,"column":3},"end":{"line":68,"column":4}},"33":{"start":{"line":67,"column":4},"end":{"line":67,"column":55}},"34":{"start":{"line":69,"column":3},"end":{"line":69,"column":53}},"35":{"start":{"line":74,"column":2},"end":{"line":89,"column":3}},"36":{"start":{"line":75,"column":21},"end":{"line":75,"column":31}},"37":{"start":{"line":76,"column":14},"end":{"line":76,"column":59}},"38":{"start":{"line":77,"column":19},"end":{"line":77,"column":81}},"39":{"start":{"line":78,"column":3},"end":{"line":78,"column":21}},"40":{"start":{"line":79,"column":3},"end":{"line":79,"column":14}},"41":{"start":{"line":80,"column":3},"end":{"line":80,"column":9}},"42":{"start":{"line":82,"column":3},"end":{"line":84,"column":4}},"43":{"start":{"line":83,"column":4},"end":{"line":83,"column":55}},"44":{"start":{"line":85,"column":3},"end":{"line":87,"column":4}},"45":{"start":{"line":86,"column":4},"end":{"line":86,"column":83}},"46":{"start":{"line":88,"column":3},"end":{"line":88,"column":25}},"47":{"start":{"line":93,"column":2},"end":{"line":108,"column":3}},"48":{"start":{"line":94,"column":21},"end":{"line":94,"column":31}},"49":{"start":{"line":95,"column":14},"end":{"line":95,"column":56}},"50":{"start":{"line":96,"column":19},"end":{"line":96,"column":81}},"51":{"start":{"line":97,"column":3},"end":{"line":97,"column":21}},"52":{"start":{"line":98,"column":3},"end":{"line":98,"column":14}},"53":{"start":{"line":99,"column":3},"end":{"line":99,"column":9}},"54":{"start":{"line":101,"column":3},"end":{"line":103,"column":4}},"55":{"start":{"line":102,"column":4},"end":{"line":102,"column":55}},"56":{"start":{"line":104,"column":3},"end":{"line":106,"column":4}},"57":{"start":{"line":105,"column":4},"end":{"line":105,"column":83}},"58":{"start":{"line":107,"column":3},"end":{"line":107,"column":25}}},"fnMap":{"0":{"name":"(anonymous_0)","decl":{"start":{"line":7,"column":1},"end":{"line":7,"column":2}},"loc":{"start":{"line":7,"column":24},"end":{"line":28,"column":2}},"line":7},"1":{"name":"(anonymous_1)","decl":{"start":{"line":11,"column":3},"end":{"line":11,"column":4}},"loc":{"start":{"line":11,"column":28},"end":{"line":26,"column":4}},"line":11},"2":{"name":"(anonymous_2)","decl":{"start":{"line":30,"column":1},"end":{"line":30,"column":2}},"loc":{"start":{"line":30,"column":25},"end":{"line":56,"column":2}},"line":30},"3":{"name":"(anonymous_3)","decl":{"start":{"line":34,"column":3},"end":{"line":34,"column":4}},"loc":{"start":{"line":34,"column":28},"end":{"line":54,"column":4}},"line":34},"4":{"name":"(anonymous_4)","decl":{"start":{"line":58,"column":1},"end":{"line":58,"column":2}},"loc":{"start":{"line":58,"column":32},"end":{"line":71,"column":2}},"line":58},"5":{"name":"(anonymous_5)","decl":{"start":{"line":73,"column":1},"end":{"line":73,"column":2}},"loc":{"start":{"line":73,"column":40},"end":{"line":90,"column":2}},"line":73},"6":{"name":"(anonymous_6)","decl":{"start":{"line":92,"column":1},"end":{"line":92,"column":2}},"loc":{"start":{"line":92,"column":42},"end":{"line":109,"column":2}},"line":92}},"branchMap":{"0":{"loc":{"start":{"line":12,"column":4},"end":{"line":14,"column":5}},"type":"if","locations":[{"start":{"line":12,"column":4},"end":{"line":14,"column":5}},{"start":{},"end":{}}],"line":12},"1":{"loc":{"start":{"line":12,"column":8},"end":{"line":12,"column":52}},"type":"binary-expr","locations":[{"start":{"line":12,"column":8},"end":{"line":12,"column":12}},{"start":{"line":12,"column":16},"end":{"line":12,"column":52}}],"line":12},"2":{"loc":{"start":{"line":16,"column":4},"end":{"line":18,"column":5}},"type":"if","locations":[{"start":{"line":16,"column":4},"end":{"line":18,"column":5}},{"start":{},"end":{}}],"line":16},"3":{"loc":{"start":{"line":20,"column":4},"end":{"line":22,"column":5}},"type":"if","locations":[{"start":{"line":20,"column":4},"end":{"line":22,"column":5}},{"start":{},"end":{}}],"line":20},"4":{"loc":{"start":{"line":35,"column":4},"end":{"line":37,"column":5}},"type":"if","locations":[{"start":{"line":35,"column":4},"end":{"line":37,"column":5}},{"start":{},"end":{}}],"line":35},"5":{"loc":{"start":{"line":35,"column":8},"end":{"line":35,"column":49}},"type":"binary-expr","locations":[{"start":{"line":35,"column":8},"end":{"line":35,"column":12}},{"start":{"line":35,"column":16},"end":{"line":35,"column":49}}],"line":35},"6":{"loc":{"start":{"line":39,"column":4},"end":{"line":41,"column":5}},"type":"if","locations":[{"start":{"line":39,"column":4},"end":{"line":41,"column":5}},{"start":{},"end":{}}],"line":39},"7":{"loc":{"start":{"line":39,"column":8},"end":{"line":39,"column":49}},"type":"binary-expr","locations":[{"start":{"line":39,"column":8},"end":{"line":39,"column":12}},{"start":{"line":39,"column":16},"end":{"line":39,"column":49}}],"line":39},"8":{"loc":{"start":{"line":43,"column":4},"end":{"line":45,"column":5}},"type":"if","locations":[{"start":{"line":43,"column":4},"end":{"line":45,"column":5}},{"start":{},"end":{}}],"line":43},"9":{"loc":{"start":{"line":47,"column":4},"end":{"line":49,"column":5}},"type":"if","locations":[{"start":{"line":47,"column":4},"end":{"line":49,"column":5}},{"start":{},"end":{}}],"line":47},"10":{"loc":{"start":{"line":66,"column":3},"end":{"line":68,"column":4}},"type":"if","locations":[{"start":{"line":66,"column":3},"end":{"line":68,"column":4}},{"start":{},"end":{}}],"line":66},"11":{"loc":{"start":{"line":82,"column":3},"end":{"line":84,"column":4}},"type":"if","locations":[{"start":{"line":82,"column":3},"end":{"line":84,"column":4}},{"start":{},"end":{}}],"line":82},"12":{"loc":{"start":{"line":85,"column":3},"end":{"line":87,"column":4}},"type":"if","locations":[{"start":{"line":85,"column":3},"end":{"line":87,"column":4}},{"start":{},"end":{}}],"line":85},"13":{"loc":{"start":{"line":101,"column":3},"end":{"line":103,"column":4}},"type":"if","locations":[{"start":{"line":101,"column":3},"end":{"line":103,"column":4}},{"start":{},"end":{}}],"line":101},"14":{"loc":{"start":{"line":104,"column":3},"end":{"line":106,"column":4}},"type":"if","locations":[{"start":{"line":104,"column":3},"end":{"line":106,"column":4}},{"start":{},"end":{}}],"line":104}},"s":{"0":4,"1":4,"2":4,"3":4,"4":4,"5":5,"6":5,"7":1,"8":4,"9":0,"10":4,"11":0,"12":4,"13":4,"14":17,"15":17,"16":1,"17":16,"18":0,"19":16,"20":0,"21":16,"22":0,"23":16,"24":16,"25":16,"26":2,"27":2,"28":2,"29":0,"30":0,"31":0,"32":2,"33":2,"34":0,"35":2,"36":2,"37":2,"38":0,"39":0,"40":0,"41":0,"42":2,"43":2,"44":0,"45":0,"46":0,"47":0,"48":0,"49":0,"50":0,"51":0,"52":0,"53":0,"54":0,"55":0,"56":0,"57":0,"58":0},"f":{"0":5,"1":5,"2":17,"3":17,"4":2,"5":2,"6":0},"b":{"0":[1,4],"1":[5,1],"2":[0,4],"3":[0,4],"4":[1,16],"5":[17,1],"6":[0,16],"7":[16,0],"8":[0,16],"9":[0,16],"10":[2,0],"11":[2,0],"12":[0,0],"13":[0,0],"14":[0,0]},"_coverageSchema":"1a1c01bbd47fc00a2c39e90264f33305004495a9","hash":"73b0b1d211a2e374f3dde2fba237e53e1c35d1ec"}
,"C:\\Users\\User\\Dropbox\\Projetos\\API_Controle_Financeiro\\api\\controllers\\despesasController.js": {"path":"C:\\Users\\User\\Dropbox\\Projetos\\API_Controle_Financeiro\\api\\controllers\\despesasController.js","statementMap":{"0":{"start":{"line":1,"column":17},"end":{"line":1,"column":37}},"1":{"start":{"line":6,"column":17},"end":{"line":6,"column":28}},"2":{"start":{"line":7,"column":21},"end":{"line":7,"column":36}},"3":{"start":{"line":8,"column":25},"end":{"line":8,"column":27}},"4":{"start":{"line":9,"column":2},"end":{"line":27,"column":3}},"5":{"start":{"line":10,"column":20},"end":{"line":10,"column":94}},"6":{"start":{"line":11,"column":3},"end":{"line":24,"column":4}},"7":{"start":{"line":12,"column":4},"end":{"line":12,"column":34}},"8":{"start":{"line":14,"column":4},"end":{"line":18,"column":7}},"9":{"start":{"line":14,"column":17},"end":{"line":14,"column":18}},"10":{"start":{"line":15,"column":26},"end":{"line":15,"column":63}},"11":{"start":{"line":16,"column":5},"end":{"line":18,"column":6}},"12":{"start":{"line":17,"column":6},"end":{"line":17,"column":38}},"13":{"start":{"line":19,"column":4},"end":{"line":23,"column":5}},"14":{"start":{"line":20,"column":5},"end":{"line":20,"column":41}},"15":{"start":{"line":22,"column":5},"end":{"line":22,"column":87}},"16":{"start":{"line":26,"column":3},"end":{"line":26,"column":49}},"17":{"start":{"line":31,"column":17},"end":{"line":31,"column":28}},"18":{"start":{"line":32,"column":14},"end":{"line":32,"column":28}},"19":{"start":{"line":33,"column":14},"end":{"line":33,"column":28}},"20":{"start":{"line":34,"column":15},"end":{"line":34,"column":30}},"21":{"start":{"line":35,"column":28},"end":{"line":35,"column":30}},"22":{"start":{"line":36,"column":2},"end":{"line":51,"column":3}},"23":{"start":{"line":37,"column":20},"end":{"line":37,"column":94}},"24":{"start":{"line":38,"column":3},"end":{"line":43,"column":4}},"25":{"start":{"line":38,"column":16},"end":{"line":38,"column":17}},"26":{"start":{"line":39,"column":20},"end":{"line":39,"column":65}},"27":{"start":{"line":40,"column":4},"end":{"line":42,"column":5}},"28":{"start":{"line":41,"column":5},"end":{"line":41,"column":40}},"29":{"start":{"line":44,"column":3},"end":{"line":48,"column":4}},"30":{"start":{"line":45,"column":4},"end":{"line":45,"column":43}},"31":{"start":{"line":47,"column":4},"end":{"line":47,"column":86}},"32":{"start":{"line":50,"column":3},"end":{"line":50,"column":49}},"33":{"start":{"line":55,"column":17},"end":{"line":55,"column":28}},"34":{"start":{"line":56,"column":27},"end":{"line":56,"column":35}},"35":{"start":{"line":57,"column":2},"end":{"line":57,"column":38}},"36":{"start":{"line":59,"column":2},"end":{"line":61,"column":3}},"37":{"start":{"line":60,"column":3},"end":{"line":60,"column":36}},"38":{"start":{"line":63,"column":2},"end":{"line":68,"column":3}},"39":{"start":{"line":64,"column":19},"end":{"line":64,"column":67}},"40":{"start":{"line":65,"column":3},"end":{"line":65,"column":32}},"41":{"start":{"line":67,"column":3},"end":{"line":67,"column":49}},"42":{"start":{"line":72,"column":17},"end":{"line":72,"column":28}},"43":{"start":{"line":73,"column":17},"end":{"line":73,"column":27}},"44":{"start":{"line":74,"column":22},"end":{"line":74,"column":30}},"45":{"start":{"line":75,"column":2},"end":{"line":80,"column":3}},"46":{"start":{"line":76,"column":3},"end":{"line":76,"column":105}},"47":{"start":{"line":77,"column":3},"end":{"line":77,"column":64}},"48":{"start":{"line":79,"column":3},"end":{"line":79,"column":45}},"49":{"start":{"line":84,"column":17},"end":{"line":84,"column":27}},"50":{"start":{"line":85,"column":17},"end":{"line":85,"column":28}},"51":{"start":{"line":86,"column":2},"end":{"line":91,"column":3}},"52":{"start":{"line":87,"column":3},"end":{"line":87,"column":93}},"53":{"start":{"line":88,"column":3},"end":{"line":88,"column":62}},"54":{"start":{"line":90,"column":3},"end":{"line":90,"column":45}},"55":{"start":{"line":95,"column":0},"end":{"line":95,"column":35}}},"fnMap":{"0":{"name":"(anonymous_0)","decl":{"start":{"line":5,"column":1},"end":{"line":5,"column":2}},"loc":{"start":{"line":5,"column":38},"end":{"line":28,"column":2}},"line":5},"1":{"name":"(anonymous_1)","decl":{"start":{"line":30,"column":1},"end":{"line":30,"column":2}},"loc":{"start":{"line":30,"column":48},"end":{"line":52,"column":2}},"line":30},"2":{"name":"(anonymous_2)","decl":{"start":{"line":54,"column":1},"end":{"line":54,"column":2}},"loc":{"start":{"line":54,"column":41},"end":{"line":69,"column":2}},"line":54},"3":{"name":"(anonymous_3)","decl":{"start":{"line":71,"column":1},"end":{"line":71,"column":2}},"loc":{"start":{"line":71,"column":40},"end":{"line":81,"column":2}},"line":71},"4":{"name":"(anonymous_4)","decl":{"start":{"line":83,"column":1},"end":{"line":83,"column":2}},"loc":{"start":{"line":83,"column":37},"end":{"line":92,"column":2}},"line":83}},"branchMap":{"0":{"loc":{"start":{"line":11,"column":3},"end":{"line":24,"column":4}},"type":"if","locations":[{"start":{"line":11,"column":3},"end":{"line":24,"column":4}},{"start":{"line":13,"column":10},"end":{"line":24,"column":4}}],"line":11},"1":{"loc":{"start":{"line":16,"column":5},"end":{"line":18,"column":6}},"type":"if","locations":[{"start":{"line":16,"column":5},"end":{"line":18,"column":6}},{"start":{},"end":{}}],"line":16},"2":{"loc":{"start":{"line":19,"column":4},"end":{"line":23,"column":5}},"type":"if","locations":[{"start":{"line":19,"column":4},"end":{"line":23,"column":5}},{"start":{"line":21,"column":11},"end":{"line":23,"column":5}}],"line":19},"3":{"loc":{"start":{"line":40,"column":4},"end":{"line":42,"column":5}},"type":"if","locations":[{"start":{"line":40,"column":4},"end":{"line":42,"column":5}},{"start":{},"end":{}}],"line":40},"4":{"loc":{"start":{"line":44,"column":3},"end":{"line":48,"column":4}},"type":"if","locations":[{"start":{"line":44,"column":3},"end":{"line":48,"column":4}},{"start":{"line":46,"column":10},"end":{"line":48,"column":4}}],"line":44},"5":{"loc":{"start":{"line":59,"column":2},"end":{"line":61,"column":3}},"type":"if","locations":[{"start":{"line":59,"column":2},"end":{"line":61,"column":3}},{"start":{},"end":{}}],"line":59},"6":{"loc":{"start":{"line":59,"column":6},"end":{"line":59,"column":118}},"type":"binary-expr","locations":[{"start":{"line":59,"column":6},"end":{"line":59,"column":39}},{"start":{"line":59,"column":43},"end":{"line":59,"column":76}},{"start":{"line":59,"column":80},"end":{"line":59,"column":118}}],"line":59}},"s":{"0":4,"1":2,"2":2,"3":2,"4":2,"5":2,"6":2,"7":1,"8":1,"9":1,"10":8,"11":8,"12":1,"13":1,"14":1,"15":0,"16":0,"17":1,"18":1,"19":1,"20":1,"21":1,"22":1,"23":1,"24":1,"25":1,"26":8,"27":8,"28":8,"29":1,"30":1,"31":0,"32":0,"33":1,"34":1,"35":1,"36":1,"37":0,"38":1,"39":1,"40":1,"41":0,"42":1,"43":1,"44":1,"45":1,"46":1,"47":1,"48":0,"49":1,"50":1,"51":1,"52":1,"53":1,"54":0,"55":4},"f":{"0":2,"1":1,"2":1,"3":1,"4":1},"b":{"0":[1,1],"1":[1,7],"2":[1,0],"3":[8,0],"4":[1,0],"5":[0,1],"6":[1,1,1]},"_coverageSchema":"1a1c01bbd47fc00a2c39e90264f33305004495a9","hash":"2b3579dff82d61ca17ba628d13bb0b90230f89ea"}
,"C:\\Users\\User\\Dropbox\\Projetos\\API_Controle_Financeiro\\api\\controllers\\receitasController.js": {"path":"C:\\Users\\User\\Dropbox\\Projetos\\API_Controle_Financeiro\\api\\controllers\\receitasController.js","statementMap":{"0":{"start":{"line":1,"column":17},"end":{"line":1,"column":37}},"1":{"start":{"line":6,"column":17},"end":{"line":6,"column":28}},"2":{"start":{"line":7,"column":21},"end":{"line":7,"column":36}},"3":{"start":{"line":8,"column":25},"end":{"line":8,"column":27}},"4":{"start":{"line":9,"column":2},"end":{"line":27,"column":3}},"5":{"start":{"line":10,"column":20},"end":{"line":10,"column":94}},"6":{"start":{"line":11,"column":3},"end":{"line":24,"column":4}},"7":{"start":{"line":12,"column":4},"end":{"line":12,"column":34}},"8":{"start":{"line":14,"column":4},"end":{"line":18,"column":7}},"9":{"start":{"line":14,"column":17},"end":{"line":14,"column":18}},"10":{"start":{"line":15,"column":26},"end":{"line":15,"column":63}},"11":{"start":{"line":16,"column":5},"end":{"line":18,"column":6}},"12":{"start":{"line":17,"column":6},"end":{"line":17,"column":38}},"13":{"start":{"line":19,"column":4},"end":{"line":23,"column":5}},"14":{"start":{"line":20,"column":5},"end":{"line":20,"column":41}},"15":{"start":{"line":22,"column":5},"end":{"line":22,"column":85}},"16":{"start":{"line":26,"column":3},"end":{"line":26,"column":49}},"17":{"start":{"line":31,"column":17},"end":{"line":31,"column":28}},"18":{"start":{"line":32,"column":14},"end":{"line":32,"column":28}},"19":{"start":{"line":33,"column":14},"end":{"line":33,"column":28}},"20":{"start":{"line":34,"column":15},"end":{"line":34,"column":30}},"21":{"start":{"line":35,"column":28},"end":{"line":35,"column":30}},"22":{"start":{"line":36,"column":2},"end":{"line":51,"column":3}},"23":{"start":{"line":37,"column":20},"end":{"line":37,"column":94}},"24":{"start":{"line":38,"column":3},"end":{"line":43,"column":4}},"25":{"start":{"line":38,"column":16},"end":{"line":38,"column":17}},"26":{"start":{"line":39,"column":20},"end":{"line":39,"column":65}},"27":{"start":{"line":40,"column":4},"end":{"line":42,"column":5}},"28":{"start":{"line":41,"column":5},"end":{"line":41,"column":40}},"29":{"start":{"line":44,"column":3},"end":{"line":48,"column":4}},"30":{"start":{"line":45,"column":4},"end":{"line":45,"column":43}},"31":{"start":{"line":47,"column":4},"end":{"line":47,"column":84}},"32":{"start":{"line":50,"column":3},"end":{"line":50,"column":49}},"33":{"start":{"line":55,"column":27},"end":{"line":55,"column":35}},"34":{"start":{"line":56,"column":2},"end":{"line":56,"column":43}},"35":{"start":{"line":57,"column":2},"end":{"line":62,"column":3}},"36":{"start":{"line":58,"column":19},"end":{"line":58,"column":67}},"37":{"start":{"line":59,"column":3},"end":{"line":59,"column":32}},"38":{"start":{"line":61,"column":3},"end":{"line":61,"column":49}},"39":{"start":{"line":66,"column":17},"end":{"line":66,"column":27}},"40":{"start":{"line":67,"column":17},"end":{"line":67,"column":28}},"41":{"start":{"line":68,"column":22},"end":{"line":68,"column":30}},"42":{"start":{"line":69,"column":2},"end":{"line":74,"column":3}},"43":{"start":{"line":70,"column":3},"end":{"line":70,"column":105}},"44":{"start":{"line":71,"column":3},"end":{"line":71,"column":65}},"45":{"start":{"line":73,"column":3},"end":{"line":73,"column":45}},"46":{"start":{"line":78,"column":17},"end":{"line":78,"column":27}},"47":{"start":{"line":79,"column":17},"end":{"line":79,"column":28}},"48":{"start":{"line":80,"column":2},"end":{"line":85,"column":3}},"49":{"start":{"line":81,"column":3},"end":{"line":81,"column":93}},"50":{"start":{"line":82,"column":3},"end":{"line":82,"column":63}},"51":{"start":{"line":84,"column":3},"end":{"line":84,"column":45}},"52":{"start":{"line":90,"column":0},"end":{"line":90,"column":35}}},"fnMap":{"0":{"name":"(anonymous_0)","decl":{"start":{"line":5,"column":1},"end":{"line":5,"column":2}},"loc":{"start":{"line":5,"column":38},"end":{"line":28,"column":2}},"line":5},"1":{"name":"(anonymous_1)","decl":{"start":{"line":30,"column":1},"end":{"line":30,"column":2}},"loc":{"start":{"line":30,"column":48},"end":{"line":52,"column":2}},"line":30},"2":{"name":"(anonymous_2)","decl":{"start":{"line":54,"column":1},"end":{"line":54,"column":2}},"loc":{"start":{"line":54,"column":41},"end":{"line":63,"column":2}},"line":54},"3":{"name":"(anonymous_3)","decl":{"start":{"line":65,"column":1},"end":{"line":65,"column":2}},"loc":{"start":{"line":65,"column":40},"end":{"line":75,"column":2}},"line":65},"4":{"name":"(anonymous_4)","decl":{"start":{"line":77,"column":1},"end":{"line":77,"column":2}},"loc":{"start":{"line":77,"column":37},"end":{"line":86,"column":2}},"line":77}},"branchMap":{"0":{"loc":{"start":{"line":11,"column":3},"end":{"line":24,"column":4}},"type":"if","locations":[{"start":{"line":11,"column":3},"end":{"line":24,"column":4}},{"start":{"line":13,"column":10},"end":{"line":24,"column":4}}],"line":11},"1":{"loc":{"start":{"line":16,"column":5},"end":{"line":18,"column":6}},"type":"if","locations":[{"start":{"line":16,"column":5},"end":{"line":18,"column":6}},{"start":{},"end":{}}],"line":16},"2":{"loc":{"start":{"line":19,"column":4},"end":{"line":23,"column":5}},"type":"if","locations":[{"start":{"line":19,"column":4},"end":{"line":23,"column":5}},{"start":{"line":21,"column":11},"end":{"line":23,"column":5}}],"line":19},"3":{"loc":{"start":{"line":40,"column":4},"end":{"line":42,"column":5}},"type":"if","locations":[{"start":{"line":40,"column":4},"end":{"line":42,"column":5}},{"start":{},"end":{}}],"line":40},"4":{"loc":{"start":{"line":44,"column":3},"end":{"line":48,"column":4}},"type":"if","locations":[{"start":{"line":44,"column":3},"end":{"line":48,"column":4}},{"start":{"line":46,"column":10},"end":{"line":48,"column":4}}],"line":44}},"s":{"0":4,"1":2,"2":2,"3":2,"4":2,"5":2,"6":2,"7":1,"8":1,"9":1,"10":3,"11":3,"12":1,"13":1,"14":1,"15":0,"16":0,"17":1,"18":1,"19":1,"20":1,"21":1,"22":1,"23":1,"24":1,"25":1,"26":3,"27":3,"28":3,"29":1,"30":1,"31":0,"32":0,"33":1,"34":1,"35":1,"36":1,"37":1,"38":0,"39":1,"40":1,"41":1,"42":1,"43":1,"44":1,"45":0,"46":1,"47":1,"48":1,"49":1,"50":1,"51":0,"52":4},"f":{"0":2,"1":1,"2":1,"3":1,"4":1},"b":{"0":[1,1],"1":[1,2],"2":[1,0],"3":[3,0],"4":[1,0]},"_coverageSchema":"1a1c01bbd47fc00a2c39e90264f33305004495a9","hash":"8ec45605c7fd29322830666649f7070ba2301850"}
,"C:\\Users\\User\\Dropbox\\Projetos\\API_Controle_Financeiro\\api\\controllers\\relatorioController.js": {"path":"C:\\Users\\User\\Dropbox\\Projetos\\API_Controle_Financeiro\\api\\controllers\\relatorioController.js","statementMap":{"0":{"start":{"line":1,"column":17},"end":{"line":1,"column":37}},"1":{"start":{"line":5,"column":13},"end":{"line":5,"column":24}},"2":{"start":{"line":6,"column":2},"end":{"line":11,"column":3}},"3":{"start":{"line":7,"column":22},"end":{"line":7,"column":93}},"4":{"start":{"line":8,"column":3},"end":{"line":8,"column":35}},"5":{"start":{"line":10,"column":3},"end":{"line":10,"column":49}},"6":{"start":{"line":14,"column":13},"end":{"line":14,"column":24}},"7":{"start":{"line":15,"column":14},"end":{"line":15,"column":28}},"8":{"start":{"line":16,"column":14},"end":{"line":16,"column":28}},"9":{"start":{"line":17,"column":2},"end":{"line":26,"column":3}},"10":{"start":{"line":18,"column":21},"end":{"line":18,"column":110}},"11":{"start":{"line":19,"column":3},"end":{"line":23,"column":4}},"12":{"start":{"line":20,"column":4},"end":{"line":20,"column":81}},"13":{"start":{"line":22,"column":4},"end":{"line":22,"column":35}},"14":{"start":{"line":25,"column":3},"end":{"line":25,"column":49}},"15":{"start":{"line":30,"column":0},"end":{"line":30,"column":36}}},"fnMap":{"0":{"name":"(anonymous_0)","decl":{"start":{"line":4,"column":1},"end":{"line":4,"column":2}},"loc":{"start":{"line":4,"column":40},"end":{"line":12,"column":2}},"line":4},"1":{"name":"(anonymous_1)","decl":{"start":{"line":13,"column":1},"end":{"line":13,"column":2}},"loc":{"start":{"line":13,"column":49},"end":{"line":27,"column":2}},"line":13}},"branchMap":{"0":{"loc":{"start":{"line":19,"column":3},"end":{"line":23,"column":4}},"type":"if","locations":[{"start":{"line":19,"column":3},"end":{"line":23,"column":4}},{"start":{"line":21,"column":10},"end":{"line":23,"column":4}}],"line":19}},"s":{"0":4,"1":1,"2":1,"3":1,"4":1,"5":0,"6":1,"7":1,"8":1,"9":1,"10":1,"11":1,"12":0,"13":1,"14":0,"15":4},"f":{"0":1,"1":1},"b":{"0":[0,1]},"_coverageSchema":"1a1c01bbd47fc00a2c39e90264f33305004495a9","hash":"c7e1cba3bbfe04620291820d5a496717ed302681"}
,"C:\\Users\\User\\Dropbox\\Projetos\\API_Controle_Financeiro\\api\\controllers\\senhaHash.js": {"path":"C:\\Users\\User\\Dropbox\\Projetos\\API_Controle_Financeiro\\api\\controllers\\senhaHash.js","statementMap":{"0":{"start":{"line":1,"column":15},"end":{"line":1,"column":32}},"1":{"start":{"line":4,"column":19},"end":{"line":4,"column":21}},"2":{"start":{"line":5,"column":14},"end":{"line":5,"column":43}},"3":{"start":{"line":6,"column":1},"end":{"line":6,"column":12}},"4":{"start":{"line":9,"column":0},"end":{"line":9,"column":30}}},"fnMap":{"0":{"name":"geraSenhaHash","decl":{"start":{"line":3,"column":9},"end":{"line":3,"column":22}},"loc":{"start":{"line":3,"column":30},"end":{"line":7,"column":1}},"line":3}},"branchMap":{},"s":{"0":5,"1":2,"2":2,"3":2,"4":5},"f":{"0":2},"b":{},"_coverageSchema":"1a1c01bbd47fc00a2c39e90264f33305004495a9","hash":"e9ae762104c4ce3329520fc908e6eaa08a84994c"}
,"C:\\Users\\User\\Dropbox\\Projetos\\API_Controle_Financeiro\\api\\controllers\\tokens.js": {"path":"C:\\Users\\User\\Dropbox\\Projetos\\API_Controle_Financeiro\\api\\controllers\\tokens.js","statementMap":{"0":{"start":{"line":1,"column":12},"end":{"line":1,"column":35}},"1":{"start":{"line":2,"column":15},"end":{"line":2,"column":32}},"2":{"start":{"line":3,"column":15},"end":{"line":3,"column":32}},"3":{"start":{"line":4,"column":30},"end":{"line":4,"column":73}},"4":{"start":{"line":5,"column":29},"end":{"line":5,"column":71}},"5":{"start":{"line":6,"column":33},"end":{"line":6,"column":52}},"6":{"start":{"line":10,"column":17},"end":{"line":10,"column":23}},"7":{"start":{"line":11,"column":15},"end":{"line":12,"column":48}},"8":{"start":{"line":13,"column":1},"end":{"line":13,"column":13}},"9":{"start":{"line":17,"column":1},"end":{"line":17,"column":34}},"10":{"start":{"line":18,"column":12},"end":{"line":18,"column":45}},"11":{"start":{"line":19,"column":1},"end":{"line":19,"column":30}},"12":{"start":{"line":20,"column":1},"end":{"line":20,"column":10}},"13":{"start":{"line":24,"column":1},"end":{"line":26,"column":2}},"14":{"start":{"line":25,"column":2},"end":{"line":25,"column":55}},"15":{"start":{"line":30,"column":1},"end":{"line":32,"column":2}},"16":{"start":{"line":31,"column":2},"end":{"line":31,"column":56}},"17":{"start":{"line":36,"column":1},"end":{"line":38,"column":2}},"18":{"start":{"line":37,"column":2},"end":{"line":37,"column":8}},"19":{"start":{"line":39,"column":24},"end":{"line":39,"column":58}},"20":{"start":{"line":40,"column":1},"end":{"line":42,"column":2}},"21":{"start":{"line":41,"column":2},"end":{"line":41,"column":64}},"22":{"start":{"line":46,"column":1},"end":{"line":46,"column":33}},"23":{"start":{"line":50,"column":1},"end":{"line":50,"column":30}},"24":{"start":{"line":54,"column":1},"end":{"line":54,"column":53}},"25":{"start":{"line":55,"column":16},"end":{"line":55,"column":56}},"26":{"start":{"line":56,"column":1},"end":{"line":56,"column":10}},"27":{"start":{"line":60,"column":20},"end":{"line":60,"column":58}},"28":{"start":{"line":61,"column":23},"end":{"line":61,"column":73}},"29":{"start":{"line":62,"column":1},"end":{"line":62,"column":56}},"30":{"start":{"line":63,"column":1},"end":{"line":63,"column":18}},"31":{"start":{"line":66,"column":0},"end":{"line":115,"column":1}},"32":{"start":{"line":72,"column":3},"end":{"line":72,"column":42}},"33":{"start":{"line":75,"column":3},"end":{"line":75,"column":56}},"34":{"start":{"line":78,"column":3},"end":{"line":78,"column":45}},"35":{"start":{"line":86,"column":3},"end":{"line":86,"column":56}},"36":{"start":{"line":89,"column":3},"end":{"line":89,"column":58}},"37":{"start":{"line":92,"column":3},"end":{"line":92,"column":47}},"38":{"start":{"line":99,"column":3},"end":{"line":99,"column":42}},"39":{"start":{"line":102,"column":3},"end":{"line":102,"column":44}},"40":{"start":{"line":109,"column":3},"end":{"line":109,"column":42}},"41":{"start":{"line":112,"column":3},"end":{"line":112,"column":44}}},"fnMap":{"0":{"name":"criaTokenJWT","decl":{"start":{"line":9,"column":9},"end":{"line":9,"column":21}},"loc":{"start":{"line":9,"column":60},"end":{"line":14,"column":1}},"line":9},"1":{"name":"verificaTokenOpaco","decl":{"start":{"line":16,"column":15},"end":{"line":16,"column":33}},"loc":{"start":{"line":16,"column":58},"end":{"line":21,"column":1}},"line":16},"2":{"name":"verificaTokenValido","decl":{"start":{"line":23,"column":9},"end":{"line":23,"column":28}},"loc":{"start":{"line":23,"column":39},"end":{"line":27,"column":1}},"line":23},"3":{"name":"verificaTokenEnviado","decl":{"start":{"line":29,"column":9},"end":{"line":29,"column":29}},"loc":{"start":{"line":29,"column":43},"end":{"line":33,"column":1}},"line":29},"4":{"name":"verificaTokenBlocklist","decl":{"start":{"line":35,"column":15},"end":{"line":35,"column":37}},"loc":{"start":{"line":35,"column":63},"end":{"line":43,"column":1}},"line":35},"5":{"name":"invalidaTokenJWT","decl":{"start":{"line":45,"column":9},"end":{"line":45,"column":25}},"loc":{"start":{"line":45,"column":44},"end":{"line":47,"column":1}},"line":45},"6":{"name":"invalidaTokenOpaco","decl":{"start":{"line":49,"column":15},"end":{"line":49,"column":33}},"loc":{"start":{"line":49,"column":52},"end":{"line":51,"column":1}},"line":49},"7":{"name":"verificaTokenJWT","decl":{"start":{"line":53,"column":15},"end":{"line":53,"column":31}},"loc":{"start":{"line":53,"column":56},"end":{"line":57,"column":1}},"line":53},"8":{"name":"criaTokenOpaco","decl":{"start":{"line":59,"column":15},"end":{"line":59,"column":29}},"loc":{"start":{"line":59,"column":79},"end":{"line":64,"column":1}},"line":59},"9":{"name":"(anonymous_9)","decl":{"start":{"line":71,"column":2},"end":{"line":71,"column":3}},"loc":{"start":{"line":71,"column":11},"end":{"line":73,"column":3}},"line":71},"10":{"name":"(anonymous_10)","decl":{"start":{"line":74,"column":2},"end":{"line":74,"column":3}},"loc":{"start":{"line":74,"column":18},"end":{"line":76,"column":3}},"line":74},"11":{"name":"(anonymous_11)","decl":{"start":{"line":77,"column":2},"end":{"line":77,"column":3}},"loc":{"start":{"line":77,"column":18},"end":{"line":79,"column":3}},"line":77},"12":{"name":"(anonymous_12)","decl":{"start":{"line":85,"column":2},"end":{"line":85,"column":3}},"loc":{"start":{"line":85,"column":11},"end":{"line":87,"column":3}},"line":85},"13":{"name":"(anonymous_13)","decl":{"start":{"line":88,"column":2},"end":{"line":88,"column":3}},"loc":{"start":{"line":88,"column":18},"end":{"line":90,"column":3}},"line":88},"14":{"name":"(anonymous_14)","decl":{"start":{"line":91,"column":2},"end":{"line":91,"column":3}},"loc":{"start":{"line":91,"column":18},"end":{"line":93,"column":3}},"line":91},"15":{"name":"(anonymous_15)","decl":{"start":{"line":98,"column":2},"end":{"line":98,"column":3}},"loc":{"start":{"line":98,"column":11},"end":{"line":100,"column":3}},"line":98},"16":{"name":"(anonymous_16)","decl":{"start":{"line":101,"column":2},"end":{"line":101,"column":3}},"loc":{"start":{"line":101,"column":18},"end":{"line":103,"column":3}},"line":101},"17":{"name":"(anonymous_17)","decl":{"start":{"line":108,"column":2},"end":{"line":108,"column":3}},"loc":{"start":{"line":108,"column":11},"end":{"line":110,"column":3}},"line":108},"18":{"name":"(anonymous_18)","decl":{"start":{"line":111,"column":2},"end":{"line":111,"column":3}},"loc":{"start":{"line":111,"column":18},"end":{"line":113,"column":3}},"line":111}},"branchMap":{"0":{"loc":{"start":{"line":24,"column":1},"end":{"line":26,"column":2}},"type":"if","locations":[{"start":{"line":24,"column":1},"end":{"line":26,"column":2}},{"start":{},"end":{}}],"line":24},"1":{"loc":{"start":{"line":30,"column":1},"end":{"line":32,"column":2}},"type":"if","locations":[{"start":{"line":30,"column":1},"end":{"line":32,"column":2}},{"start":{},"end":{}}],"line":30},"2":{"loc":{"start":{"line":36,"column":1},"end":{"line":38,"column":2}},"type":"if","locations":[{"start":{"line":36,"column":1},"end":{"line":38,"column":2}},{"start":{},"end":{}}],"line":36},"3":{"loc":{"start":{"line":40,"column":1},"end":{"line":42,"column":2}},"type":"if","locations":[{"start":{"line":40,"column":1},"end":{"line":42,"column":2}},{"start":{},"end":{}}],"line":40}},"s":{"0":4,"1":4,"2":4,"3":4,"4":4,"5":4,"6":6,"7":6,"8":6,"9":2,"10":1,"11":1,"12":0,"13":1,"14":1,"15":2,"16":1,"17":19,"18":2,"19":17,"20":17,"21":0,"22":0,"23":0,"24":19,"25":19,"26":16,"27":4,"28":4,"29":4,"30":4,"31":4,"32":4,"33":17,"34":0,"35":4,"36":2,"37":0,"38":1,"39":2,"40":1,"41":0},"f":{"0":6,"1":2,"2":1,"3":2,"4":19,"5":0,"6":0,"7":19,"8":4,"9":4,"10":17,"11":0,"12":4,"13":2,"14":0,"15":1,"16":2,"17":1,"18":0},"b":{"0":[1,0],"1":[1,1],"2":[2,17],"3":[0,17]},"_coverageSchema":"1a1c01bbd47fc00a2c39e90264f33305004495a9","hash":"ce5b23f6290993b982aeca1c83d3454b239f8aaf"}
,"C:\\Users\\User\\Dropbox\\Projetos\\API_Controle_Financeiro\\api\\controllers\\usuariosController.js": {"path":"C:\\Users\\User\\Dropbox\\Projetos\\API_Controle_Financeiro\\api\\controllers\\usuariosController.js","statementMap":{"0":{"start":{"line":1,"column":17},"end":{"line":1,"column":37}},"1":{"start":{"line":2,"column":15},"end":{"line":2,"column":34}},"2":{"start":{"line":3,"column":47},"end":{"line":3,"column":77}},"3":{"start":{"line":4,"column":22},"end":{"line":4,"column":44}},"4":{"start":{"line":5,"column":21},"end":{"line":5,"column":58}},"5":{"start":{"line":11,"column":2},"end":{"line":18,"column":3}},"6":{"start":{"line":12,"column":22},"end":{"line":12,"column":53}},"7":{"start":{"line":13,"column":24},"end":{"line":13,"column":62}},"8":{"start":{"line":14,"column":3},"end":{"line":14,"column":39}},"9":{"start":{"line":15,"column":3},"end":{"line":15,"column":41}},"10":{"start":{"line":17,"column":3},"end":{"line":17,"column":47}},"11":{"start":{"line":22,"column":2},"end":{"line":28,"column":3}},"12":{"start":{"line":23,"column":17},"end":{"line":23,"column":26}},"13":{"start":{"line":24,"column":3},"end":{"line":24,"column":38}},"14":{"start":{"line":25,"column":3},"end":{"line":25,"column":25}},"15":{"start":{"line":27,"column":3},"end":{"line":27,"column":47}},"16":{"start":{"line":32,"column":13},"end":{"line":32,"column":24}},"17":{"start":{"line":33,"column":2},"end":{"line":38,"column":3}},"18":{"start":{"line":34,"column":3},"end":{"line":34,"column":89}},"19":{"start":{"line":35,"column":3},"end":{"line":35,"column":46}},"20":{"start":{"line":37,"column":3},"end":{"line":37,"column":46}},"21":{"start":{"line":42,"column":2},"end":{"line":56,"column":3}},"22":{"start":{"line":43,"column":28},"end":{"line":43,"column":36}},"23":{"start":{"line":44,"column":21},"end":{"line":44,"column":64}},"24":{"start":{"line":45,"column":3},"end":{"line":45,"column":37}},"25":{"start":{"line":46,"column":19},"end":{"line":46,"column":67}},"26":{"start":{"line":48,"column":30},"end":{"line":48,"column":70}},"27":{"start":{"line":49,"column":20},"end":{"line":49,"column":81}},"28":{"start":{"line":50,"column":28},"end":{"line":50,"column":67}},"29":{"start":{"line":51,"column":3},"end":{"line":51,"column":32}},"30":{"start":{"line":53,"column":3},"end":{"line":53,"column":32}},"31":{"start":{"line":55,"column":3},"end":{"line":55,"column":49}},"32":{"start":{"line":60,"column":13},"end":{"line":60,"column":24}},"33":{"start":{"line":61,"column":22},"end":{"line":61,"column":30}},"34":{"start":{"line":62,"column":2},"end":{"line":67,"column":3}},"35":{"start":{"line":63,"column":3},"end":{"line":63,"column":77}},"36":{"start":{"line":64,"column":3},"end":{"line":64,"column":70}},"37":{"start":{"line":66,"column":3},"end":{"line":66,"column":45}},"38":{"start":{"line":71,"column":18},"end":{"line":71,"column":26}},"39":{"start":{"line":72,"column":13},"end":{"line":72,"column":24}},"40":{"start":{"line":73,"column":2},"end":{"line":84,"column":3}},"41":{"start":{"line":74,"column":3},"end":{"line":74,"column":65}},"42":{"start":{"line":75,"column":30},"end":{"line":75,"column":59}},"43":{"start":{"line":76,"column":20},"end":{"line":76,"column":83}},"44":{"start":{"line":77,"column":28},"end":{"line":77,"column":67}},"45":{"start":{"line":78,"column":3},"end":{"line":78,"column":32}},"46":{"start":{"line":80,"column":3},"end":{"line":80,"column":62}},"47":{"start":{"line":83,"column":3},"end":{"line":83,"column":45}},"48":{"start":{"line":88,"column":13},"end":{"line":88,"column":19}},"49":{"start":{"line":89,"column":2},"end":{"line":95,"column":3}},"50":{"start":{"line":90,"column":3},"end":{"line":90,"column":64}},"51":{"start":{"line":92,"column":3},"end":{"line":92,"column":79}},"52":{"start":{"line":94,"column":3},"end":{"line":94,"column":45}},"53":{"start":{"line":99,"column":0},"end":{"line":99,"column":35}}},"fnMap":{"0":{"name":"(anonymous_0)","decl":{"start":{"line":10,"column":1},"end":{"line":10,"column":2}},"loc":{"start":{"line":10,"column":31},"end":{"line":19,"column":2}},"line":10},"1":{"name":"(anonymous_1)","decl":{"start":{"line":21,"column":1},"end":{"line":21,"column":2}},"loc":{"start":{"line":21,"column":32},"end":{"line":29,"column":2}},"line":21},"2":{"name":"(anonymous_2)","decl":{"start":{"line":31,"column":1},"end":{"line":31,"column":2}},"loc":{"start":{"line":31,"column":38},"end":{"line":39,"column":2}},"line":31},"3":{"name":"(anonymous_3)","decl":{"start":{"line":41,"column":1},"end":{"line":41,"column":2}},"loc":{"start":{"line":41,"column":41},"end":{"line":57,"column":2}},"line":41},"4":{"name":"(anonymous_4)","decl":{"start":{"line":59,"column":1},"end":{"line":59,"column":2}},"loc":{"start":{"line":59,"column":40},"end":{"line":68,"column":2}},"line":59},"5":{"name":"(anonymous_5)","decl":{"start":{"line":70,"column":1},"end":{"line":70,"column":2}},"loc":{"start":{"line":70,"column":37},"end":{"line":85,"column":2}},"line":70},"6":{"name":"(anonymous_6)","decl":{"start":{"line":87,"column":1},"end":{"line":87,"column":2}},"loc":{"start":{"line":87,"column":40},"end":{"line":96,"column":2}},"line":87}},"branchMap":{},"s":{"0":4,"1":4,"2":4,"3":4,"4":4,"5":4,"6":4,"7":4,"8":4,"9":4,"10":0,"11":0,"12":0,"13":0,"14":0,"15":0,"16":0,"17":0,"18":0,"19":0,"20":0,"21":1,"22":1,"23":1,"24":1,"25":1,"26":1,"27":1,"28":1,"29":1,"30":1,"31":0,"32":1,"33":1,"34":1,"35":1,"36":1,"37":0,"38":1,"39":1,"40":1,"41":1,"42":1,"43":1,"44":1,"45":1,"46":1,"47":0,"48":0,"49":0,"50":0,"51":0,"52":0,"53":4},"f":{"0":4,"1":0,"2":0,"3":1,"4":1,"5":1,"6":0},"b":{},"_coverageSchema":"1a1c01bbd47fc00a2c39e90264f33305004495a9","hash":"627148035a73950ef881e5cd9ca2dc9482cc51fc"}
,"C:\\Users\\User\\Dropbox\\Projetos\\API_Controle_Financeiro\\api\\models\\categoria.js": {"path":"C:\\Users\\User\\Dropbox\\Projetos\\API_Controle_Financeiro\\api\\models\\categoria.js","statementMap":{"0":{"start":{"line":3,"column":18},"end":{"line":3,"column":38}},"1":{"start":{"line":4,"column":0},"end":{"line":22,"column":1}},"2":{"start":{"line":12,"column":3},"end":{"line":12,"column":69}},"3":{"start":{"line":15,"column":1},"end":{"line":20,"column":3}},"4":{"start":{"line":21,"column":1},"end":{"line":21,"column":17}}},"fnMap":{"0":{"name":"(anonymous_0)","decl":{"start":{"line":4,"column":17},"end":{"line":4,"column":18}},"loc":{"start":{"line":4,"column":43},"end":{"line":22,"column":1}},"line":4},"1":{"name":"(anonymous_1)","decl":{"start":{"line":11,"column":2},"end":{"line":11,"column":3}},"loc":{"start":{"line":11,"column":27},"end":{"line":13,"column":3}},"line":11}},"branchMap":{},"s":{"0":4,"1":4,"2":4,"3":4,"4":4},"f":{"0":4,"1":4},"b":{},"_coverageSchema":"1a1c01bbd47fc00a2c39e90264f33305004495a9","hash":"bcbb9735f1e953e29d84d95c88bd4ae166a1265a"}
,"C:\\Users\\User\\Dropbox\\Projetos\\API_Controle_Financeiro\\api\\models\\despesas.js": {"path":"C:\\Users\\User\\Dropbox\\Projetos\\API_Controle_Financeiro\\api\\models\\despesas.js","statementMap":{"0":{"start":{"line":4,"column":4},"end":{"line":4,"column":24}},"1":{"start":{"line":5,"column":0},"end":{"line":33,"column":1}},"2":{"start":{"line":13,"column":3},"end":{"line":13,"column":71}},"3":{"start":{"line":14,"column":3},"end":{"line":14,"column":68}},"4":{"start":{"line":17,"column":1},"end":{"line":31,"column":3}},"5":{"start":{"line":22,"column":5},"end":{"line":22,"column":82}},"6":{"start":{"line":22,"column":26},"end":{"line":22,"column":82}},"7":{"start":{"line":32,"column":1},"end":{"line":32,"column":16}}},"fnMap":{"0":{"name":"(anonymous_0)","decl":{"start":{"line":5,"column":17},"end":{"line":5,"column":18}},"loc":{"start":{"line":5,"column":43},"end":{"line":33,"column":1}},"line":5},"1":{"name":"(anonymous_1)","decl":{"start":{"line":12,"column":2},"end":{"line":12,"column":3}},"loc":{"start":{"line":12,"column":27},"end":{"line":15,"column":3}},"line":12},"2":{"name":"(anonymous_2)","decl":{"start":{"line":21,"column":23},"end":{"line":21,"column":24}},"loc":{"start":{"line":21,"column":38},"end":{"line":23,"column":5}},"line":21}},"branchMap":{"0":{"loc":{"start":{"line":22,"column":5},"end":{"line":22,"column":82}},"type":"if","locations":[{"start":{"line":22,"column":5},"end":{"line":22,"column":82}},{"start":{},"end":{}}],"line":22}},"s":{"0":4,"1":4,"2":4,"3":4,"4":4,"5":2,"6":0,"7":4},"f":{"0":4,"1":4,"2":2},"b":{"0":[0,2]},"_coverageSchema":"1a1c01bbd47fc00a2c39e90264f33305004495a9","hash":"c0c4bab56801589721e0f64616b885269f1dff9b"}
,"C:\\Users\\User\\Dropbox\\Projetos\\API_Controle_Financeiro\\api\\models\\index.js": {"path":"C:\\Users\\User\\Dropbox\\Projetos\\API_Controle_Financeiro\\api\\models\\index.js","statementMap":{"0":{"start":{"line":3,"column":0},"end":{"line":3,"column":26}},"1":{"start":{"line":4,"column":11},"end":{"line":4,"column":24}},"2":{"start":{"line":5,"column":13},"end":{"line":5,"column":28}},"3":{"start":{"line":6,"column":18},"end":{"line":6,"column":38}},"4":{"start":{"line":7,"column":16},"end":{"line":7,"column":34}},"5":{"start":{"line":8,"column":17},"end":{"line":8,"column":42}},"6":{"start":{"line":9,"column":12},"end":{"line":9,"column":32}},"7":{"start":{"line":10,"column":15},"end":{"line":10,"column":65}},"8":{"start":{"line":11,"column":11},"end":{"line":11,"column":13}},"9":{"start":{"line":15,"column":0},"end":{"line":15,"column":40}},"10":{"start":{"line":17,"column":0},"end":{"line":21,"column":1}},"11":{"start":{"line":18,"column":1},"end":{"line":18,"column":72}},"12":{"start":{"line":20,"column":1},"end":{"line":20,"column":85}},"13":{"start":{"line":23,"column":0},"end":{"line":31,"column":3}},"14":{"start":{"line":26,"column":2},"end":{"line":26,"column":87}},"15":{"start":{"line":29,"column":16},"end":{"line":29,"column":83}},"16":{"start":{"line":30,"column":2},"end":{"line":30,"column":24}},"17":{"start":{"line":33,"column":0},"end":{"line":37,"column":2}},"18":{"start":{"line":34,"column":1},"end":{"line":36,"column":2}},"19":{"start":{"line":35,"column":2},"end":{"line":35,"column":29}},"20":{"start":{"line":39,"column":0},"end":{"line":39,"column":24}},"21":{"start":{"line":40,"column":0},"end":{"line":40,"column":24}},"22":{"start":{"line":42,"column":0},"end":{"line":42,"column":19}}},"fnMap":{"0":{"name":"(anonymous_0)","decl":{"start":{"line":25,"column":9},"end":{"line":25,"column":10}},"loc":{"start":{"line":25,"column":17},"end":{"line":27,"column":2}},"line":25},"1":{"name":"(anonymous_1)","decl":{"start":{"line":28,"column":10},"end":{"line":28,"column":11}},"loc":{"start":{"line":28,"column":18},"end":{"line":31,"column":2}},"line":28},"2":{"name":"(anonymous_2)","decl":{"start":{"line":33,"column":24},"end":{"line":33,"column":25}},"loc":{"start":{"line":33,"column":37},"end":{"line":37,"column":1}},"line":33}},"branchMap":{"0":{"loc":{"start":{"line":17,"column":0},"end":{"line":21,"column":1}},"type":"if","locations":[{"start":{"line":17,"column":0},"end":{"line":21,"column":1}},{"start":{"line":19,"column":7},"end":{"line":21,"column":1}}],"line":17},"1":{"loc":{"start":{"line":26,"column":9},"end":{"line":26,"column":87}},"type":"binary-expr","locations":[{"start":{"line":26,"column":10},"end":{"line":26,"column":33}},{"start":{"line":26,"column":39},"end":{"line":26,"column":56}},{"start":{"line":26,"column":62},"end":{"line":26,"column":86}}],"line":26},"2":{"loc":{"start":{"line":34,"column":1},"end":{"line":36,"column":2}},"type":"if","locations":[{"start":{"line":34,"column":1},"end":{"line":36,"column":2}},{"start":{},"end":{}}],"line":34}},"s":{"0":4,"1":4,"2":4,"3":4,"4":4,"5":4,"6":4,"7":4,"8":4,"9":4,"10":4,"11":0,"12":4,"13":4,"14":24,"15":20,"16":20,"17":4,"18":20,"19":20,"20":4,"21":4,"22":4},"f":{"0":24,"1":20,"2":20},"b":{"0":[0,4],"1":[24,24,20],"2":[20,0]},"_coverageSchema":"1a1c01bbd47fc00a2c39e90264f33305004495a9","hash":"dceb12c957df1071c0d3b123eabe0661cc6e323a"}
,"C:\\Users\\User\\Dropbox\\Projetos\\API_Controle_Financeiro\\api\\models\\receitas.js": {"path":"C:\\Users\\User\\Dropbox\\Projetos\\API_Controle_Financeiro\\api\\models\\receitas.js","statementMap":{"0":{"start":{"line":4,"column":4},"end":{"line":4,"column":24}},"1":{"start":{"line":5,"column":0},"end":{"line":32,"column":1}},"2":{"start":{"line":13,"column":3},"end":{"line":13,"column":68}},"3":{"start":{"line":16,"column":1},"end":{"line":30,"column":3}},"4":{"start":{"line":21,"column":5},"end":{"line":21,"column":82}},"5":{"start":{"line":21,"column":26},"end":{"line":21,"column":82}},"6":{"start":{"line":31,"column":1},"end":{"line":31,"column":16}}},"fnMap":{"0":{"name":"(anonymous_0)","decl":{"start":{"line":5,"column":17},"end":{"line":5,"column":18}},"loc":{"start":{"line":5,"column":43},"end":{"line":32,"column":1}},"line":5},"1":{"name":"(anonymous_1)","decl":{"start":{"line":12,"column":2},"end":{"line":12,"column":3}},"loc":{"start":{"line":12,"column":27},"end":{"line":14,"column":3}},"line":12},"2":{"name":"(anonymous_2)","decl":{"start":{"line":20,"column":23},"end":{"line":20,"column":24}},"loc":{"start":{"line":20,"column":38},"end":{"line":22,"column":5}},"line":20}},"branchMap":{"0":{"loc":{"start":{"line":21,"column":5},"end":{"line":21,"column":82}},"type":"if","locations":[{"start":{"line":21,"column":5},"end":{"line":21,"column":82}},{"start":{},"end":{}}],"line":21}},"s":{"0":4,"1":4,"2":4,"3":4,"4":2,"5":0,"6":4},"f":{"0":4,"1":4,"2":2},"b":{"0":[0,2]},"_coverageSchema":"1a1c01bbd47fc00a2c39e90264f33305004495a9","hash":"694c3aa87a9d62b88ccf06366097f53109a540e4"}
,"C:\\Users\\User\\Dropbox\\Projetos\\API_Controle_Financeiro\\api\\models\\relatorio.js": {"path":"C:\\Users\\User\\Dropbox\\Projetos\\API_Controle_Financeiro\\api\\models\\relatorio.js","statementMap":{"0":{"start":{"line":4,"column":4},"end":{"line":4,"column":24}},"1":{"start":{"line":5,"column":0},"end":{"line":30,"column":1}},"2":{"start":{"line":8,"column":3},"end":{"line":8,"column":69}},"3":{"start":{"line":11,"column":1},"end":{"line":28,"column":3}},"4":{"start":{"line":29,"column":1},"end":{"line":29,"column":17}}},"fnMap":{"0":{"name":"(anonymous_0)","decl":{"start":{"line":5,"column":17},"end":{"line":5,"column":18}},"loc":{"start":{"line":5,"column":43},"end":{"line":30,"column":1}},"line":5},"1":{"name":"(anonymous_1)","decl":{"start":{"line":7,"column":2},"end":{"line":7,"column":3}},"loc":{"start":{"line":7,"column":27},"end":{"line":9,"column":3}},"line":7}},"branchMap":{},"s":{"0":4,"1":4,"2":4,"3":4,"4":4},"f":{"0":4,"1":4},"b":{},"_coverageSchema":"1a1c01bbd47fc00a2c39e90264f33305004495a9","hash":"68c6a159553ecc8807da8717d6e405edd2c22e5b"}
,"C:\\Users\\User\\Dropbox\\Projetos\\API_Controle_Financeiro\\api\\models\\usuarios.js": {"path":"C:\\Users\\User\\Dropbox\\Projetos\\API_Controle_Financeiro\\api\\models\\usuarios.js","statementMap":{"0":{"start":{"line":4,"column":4},"end":{"line":4,"column":24}},"1":{"start":{"line":5,"column":0},"end":{"line":47,"column":1}},"2":{"start":{"line":13,"column":3},"end":{"line":13,"column":66}},"3":{"start":{"line":14,"column":3},"end":{"line":14,"column":66}},"4":{"start":{"line":15,"column":3},"end":{"line":15,"column":67}},"5":{"start":{"line":18,"column":1},"end":{"line":44,"column":3}},"6":{"start":{"line":32,"column":5},"end":{"line":32,"column":82}},"7":{"start":{"line":32,"column":26},"end":{"line":32,"column":82}},"8":{"start":{"line":46,"column":1},"end":{"line":46,"column":16}}},"fnMap":{"0":{"name":"(anonymous_0)","decl":{"start":{"line":5,"column":17},"end":{"line":5,"column":18}},"loc":{"start":{"line":5,"column":43},"end":{"line":47,"column":1}},"line":5},"1":{"name":"(anonymous_1)","decl":{"start":{"line":12,"column":2},"end":{"line":12,"column":3}},"loc":{"start":{"line":12,"column":27},"end":{"line":16,"column":3}},"line":12},"2":{"name":"(anonymous_2)","decl":{"start":{"line":31,"column":23},"end":{"line":31,"column":24}},"loc":{"start":{"line":31,"column":38},"end":{"line":33,"column":5}},"line":31}},"branchMap":{"0":{"loc":{"start":{"line":32,"column":5},"end":{"line":32,"column":82}},"type":"if","locations":[{"start":{"line":32,"column":5},"end":{"line":32,"column":82}},{"start":{},"end":{}}],"line":32}},"s":{"0":4,"1":4,"2":4,"3":4,"4":4,"5":4,"6":2,"7":0,"8":4},"f":{"0":4,"1":4,"2":2},"b":{"0":[0,2]},"_coverageSchema":"1a1c01bbd47fc00a2c39e90264f33305004495a9","hash":"805a2b82e97527ec7d288a12b6ef80c31af45559"}
,"C:\\Users\\User\\Dropbox\\Projetos\\API_Controle_Financeiro\\api\\redis\\allowlist-refresh-token.js": {"path":"C:\\Users\\User\\Dropbox\\Projetos\\API_Controle_Financeiro\\api\\redis\\allowlist-refresh-token.js","statementMap":{"0":{"start":{"line":1,"column":14},"end":{"line":1,"column":31}},"1":{"start":{"line":2,"column":22},"end":{"line":2,"column":49}},"2":{"start":{"line":5,"column":18},"end":{"line":5,"column":94}},"3":{"start":{"line":8,"column":0},"end":{"line":8,"column":41}}},"fnMap":{},"branchMap":{},"s":{"0":4,"1":4,"2":4,"3":4},"f":{},"b":{},"_coverageSchema":"1a1c01bbd47fc00a2c39e90264f33305004495a9","hash":"04b4016767e59c6746b68e8b672af0ab8499b9f1"}
,"C:\\Users\\User\\Dropbox\\Projetos\\API_Controle_Financeiro\\api\\redis\\blocklist-access-token.js": {"path":"C:\\Users\\User\\Dropbox\\Projetos\\API_Controle_Financeiro\\api\\redis\\blocklist-access-token.js","statementMap":{"0":{"start":{"line":1,"column":12},"end":{"line":1,"column":35}},"1":{"start":{"line":2,"column":23},"end":{"line":2,"column":40}},"2":{"start":{"line":3,"column":22},"end":{"line":3,"column":49}},"3":{"start":{"line":4,"column":14},"end":{"line":4,"column":30}},"4":{"start":{"line":6,"column":18},"end":{"line":6,"column":91}},"5":{"start":{"line":7,"column":26},"end":{"line":7,"column":50}},"6":{"start":{"line":10,"column":1},"end":{"line":10,"column":56}},"7":{"start":{"line":13,"column":0},"end":{"line":23,"column":1}},"8":{"start":{"line":15,"column":24},"end":{"line":15,"column":45}},"9":{"start":{"line":16,"column":20},"end":{"line":16,"column":40}},"10":{"start":{"line":17,"column":2},"end":{"line":17,"column":64}},"11":{"start":{"line":20,"column":20},"end":{"line":20,"column":40}},"12":{"start":{"line":21,"column":2},"end":{"line":21,"column":49}}},"fnMap":{"0":{"name":"geraTokenHash","decl":{"start":{"line":9,"column":9},"end":{"line":9,"column":22}},"loc":{"start":{"line":9,"column":31},"end":{"line":11,"column":1}},"line":9},"1":{"name":"(anonymous_1)","decl":{"start":{"line":14,"column":1},"end":{"line":14,"column":2}},"loc":{"start":{"line":14,"column":24},"end":{"line":18,"column":2}},"line":14},"2":{"name":"(anonymous_2)","decl":{"start":{"line":19,"column":1},"end":{"line":19,"column":2}},"loc":{"start":{"line":19,"column":27},"end":{"line":22,"column":2}},"line":19}},"branchMap":{},"s":{"0":4,"1":4,"2":4,"3":4,"4":4,"5":4,"6":17,"7":4,"8":0,"9":0,"10":0,"11":17,"12":17},"f":{"0":17,"1":0,"2":17},"b":{},"_coverageSchema":"1a1c01bbd47fc00a2c39e90264f33305004495a9","hash":"9092ccb244ab5ebd9315426e9119cbf580fe6f22"}
,"C:\\Users\\User\\Dropbox\\Projetos\\API_Controle_Financeiro\\api\\redis\\manipula-lista.js": {"path":"C:\\Users\\User\\Dropbox\\Projetos\\API_Controle_Financeiro\\api\\redis\\manipula-lista.js","statementMap":{"0":{"start":{"line":1,"column":22},"end":{"line":1,"column":37}},"1":{"start":{"line":4,"column":18},"end":{"line":4,"column":50}},"2":{"start":{"line":5,"column":21},"end":{"line":5,"column":56}},"3":{"start":{"line":6,"column":18},"end":{"line":6,"column":50}},"4":{"start":{"line":7,"column":18},"end":{"line":7,"column":50}},"5":{"start":{"line":9,"column":1},"end":{"line":27,"column":2}},"6":{"start":{"line":11,"column":3},"end":{"line":11,"column":31}},"7":{"start":{"line":12,"column":3},"end":{"line":12,"column":39}},"8":{"start":{"line":16,"column":3},"end":{"line":16,"column":25}},"9":{"start":{"line":20,"column":21},"end":{"line":20,"column":45}},"10":{"start":{"line":21,"column":3},"end":{"line":21,"column":25}},"11":{"start":{"line":25,"column":3},"end":{"line":25,"column":24}},"12":{"start":{"line":30,"column":0},"end":{"line":30,"column":30}}},"fnMap":{"0":{"name":"manipulaLista","decl":{"start":{"line":3,"column":9},"end":{"line":3,"column":22}},"loc":{"start":{"line":3,"column":31},"end":{"line":28,"column":1}},"line":3},"1":{"name":"(anonymous_1)","decl":{"start":{"line":10,"column":2},"end":{"line":10,"column":3}},"loc":{"start":{"line":10,"column":47},"end":{"line":13,"column":3}},"line":10},"2":{"name":"(anonymous_2)","decl":{"start":{"line":15,"column":2},"end":{"line":15,"column":3}},"loc":{"start":{"line":15,"column":27},"end":{"line":17,"column":3}},"line":15},"3":{"name":"(anonymous_3)","decl":{"start":{"line":19,"column":2},"end":{"line":19,"column":3}},"loc":{"start":{"line":19,"column":28},"end":{"line":22,"column":3}},"line":19},"4":{"name":"(anonymous_4)","decl":{"start":{"line":24,"column":2},"end":{"line":24,"column":3}},"loc":{"start":{"line":24,"column":23},"end":{"line":26,"column":3}},"line":24}},"branchMap":{},"s":{"0":4,"1":8,"2":8,"3":8,"4":8,"5":8,"6":4,"7":4,"8":1,"9":17,"10":17,"11":0,"12":4},"f":{"0":8,"1":4,"2":1,"3":17,"4":0},"b":{},"_coverageSchema":"1a1c01bbd47fc00a2c39e90264f33305004495a9","hash":"4ded658213d523a8edaf71a8a97bf9cb6fbf0942"}
,"C:\\Users\\User\\Dropbox\\Projetos\\API_Controle_Financeiro\\api\\routes\\despesasRoute.js": {"path":"C:\\Users\\User\\Dropbox\\Projetos\\API_Controle_Financeiro\\api\\routes\\despesasRoute.js","statementMap":{"0":{"start":{"line":1,"column":19},"end":{"line":1,"column":37}},"1":{"start":{"line":2,"column":27},"end":{"line":2,"column":71}},"2":{"start":{"line":3,"column":32},"end":{"line":3,"column":77}},"3":{"start":{"line":5,"column":15},"end":{"line":5,"column":23}},"4":{"start":{"line":7,"column":0},"end":{"line":12,"column":90}},"5":{"start":{"line":15,"column":0},"end":{"line":15,"column":23}}},"fnMap":{},"branchMap":{},"s":{"0":4,"1":4,"2":4,"3":4,"4":4,"5":4},"f":{},"b":{},"_coverageSchema":"1a1c01bbd47fc00a2c39e90264f33305004495a9","hash":"aac79614fdcb27bb9162bf835881a7ccda7b265e"}
,"C:\\Users\\User\\Dropbox\\Projetos\\API_Controle_Financeiro\\api\\routes\\index.js": {"path":"C:\\Users\\User\\Dropbox\\Projetos\\API_Controle_Financeiro\\api\\routes\\index.js","statementMap":{"0":{"start":{"line":1,"column":19},"end":{"line":1,"column":41}},"1":{"start":{"line":2,"column":17},"end":{"line":2,"column":43}},"2":{"start":{"line":3,"column":17},"end":{"line":3,"column":43}},"3":{"start":{"line":4,"column":18},"end":{"line":4,"column":46}},"4":{"start":{"line":5,"column":17},"end":{"line":5,"column":43}},"5":{"start":{"line":6,"column":32},"end":{"line":6,"column":76}},"6":{"start":{"line":7,"column":32},"end":{"line":7,"column":77}},"7":{"start":{"line":9,"column":0},"end":{"line":17,"column":1}},"8":{"start":{"line":10,"column":1},"end":{"line":10,"column":27}},"9":{"start":{"line":11,"column":1},"end":{"line":11,"column":18}},"10":{"start":{"line":12,"column":1},"end":{"line":12,"column":18}},"11":{"start":{"line":13,"column":1},"end":{"line":13,"column":19}},"12":{"start":{"line":14,"column":1},"end":{"line":16,"column":24}}},"fnMap":{"0":{"name":"(anonymous_0)","decl":{"start":{"line":9,"column":17},"end":{"line":9,"column":18}},"loc":{"start":{"line":9,"column":24},"end":{"line":17,"column":1}},"line":9}},"branchMap":{},"s":{"0":4,"1":4,"2":4,"3":4,"4":4,"5":4,"6":4,"7":4,"8":4,"9":4,"10":4,"11":4,"12":4},"f":{"0":4},"b":{},"_coverageSchema":"1a1c01bbd47fc00a2c39e90264f33305004495a9","hash":"3e9f0fb803dc6878437f880c7ea9867209532bd9"}
,"C:\\Users\\User\\Dropbox\\Projetos\\API_Controle_Financeiro\\api\\routes\\receitasRoute.js": {"path":"C:\\Users\\User\\Dropbox\\Projetos\\API_Controle_Financeiro\\api\\routes\\receitasRoute.js","statementMap":{"0":{"start":{"line":1,"column":19},"end":{"line":1,"column":37}},"1":{"start":{"line":2,"column":27},"end":{"line":2,"column":71}},"2":{"start":{"line":3,"column":32},"end":{"line":3,"column":77}},"3":{"start":{"line":5,"column":15},"end":{"line":5,"column":23}},"4":{"start":{"line":7,"column":0},"end":{"line":12,"column":91}},"5":{"start":{"line":14,"column":0},"end":{"line":14,"column":23}}},"fnMap":{},"branchMap":{},"s":{"0":4,"1":4,"2":4,"3":4,"4":4,"5":4},"f":{},"b":{},"_coverageSchema":"1a1c01bbd47fc00a2c39e90264f33305004495a9","hash":"fed28257cc9de95e972df15d6a34ff33f6957d28"}
,"C:\\Users\\User\\Dropbox\\Projetos\\API_Controle_Financeiro\\api\\routes\\relatoriosRoute.js": {"path":"C:\\Users\\User\\Dropbox\\Projetos\\API_Controle_Financeiro\\api\\routes\\relatoriosRoute.js","statementMap":{"0":{"start":{"line":1,"column":19},"end":{"line":1,"column":37}},"1":{"start":{"line":2,"column":28},"end":{"line":2,"column":73}},"2":{"start":{"line":3,"column":32},"end":{"line":3,"column":77}},"3":{"start":{"line":5,"column":15},"end":{"line":5,"column":23}},"4":{"start":{"line":7,"column":0},"end":{"line":9,"column":107}},"5":{"start":{"line":11,"column":0},"end":{"line":11,"column":23}}},"fnMap":{},"branchMap":{},"s":{"0":4,"1":4,"2":4,"3":4,"4":4,"5":4},"f":{},"b":{},"_coverageSchema":"1a1c01bbd47fc00a2c39e90264f33305004495a9","hash":"58e8e1ff2302b49469bc94c2e9a2cc6e878af962"}
,"C:\\Users\\User\\Dropbox\\Projetos\\API_Controle_Financeiro\\api\\routes\\usuariosRoute.js": {"path":"C:\\Users\\User\\Dropbox\\Projetos\\API_Controle_Financeiro\\api\\routes\\usuariosRoute.js","statementMap":{"0":{"start":{"line":1,"column":19},"end":{"line":1,"column":37}},"1":{"start":{"line":2,"column":27},"end":{"line":2,"column":71}},"2":{"start":{"line":3,"column":32},"end":{"line":3,"column":77}},"3":{"start":{"line":5,"column":15},"end":{"line":5,"column":23}},"4":{"start":{"line":7,"column":0},"end":{"line":15,"column":87}},"5":{"start":{"line":17,"column":0},"end":{"line":17,"column":23}}},"fnMap":{},"branchMap":{},"s":{"0":4,"1":4,"2":4,"3":4,"4":4,"5":4},"f":{},"b":{},"_coverageSchema":"1a1c01bbd47fc00a2c39e90264f33305004495a9","hash":"b7134ab2a3d97838da029a5f6513c5405378a9d5"}
,"C:\\Users\\User\\Dropbox\\Projetos\\API_Controle_Financeiro\\api\\verifEmail\\email.js": {"path":"C:\\Users\\User\\Dropbox\\Projetos\\API_Controle_Financeiro\\api\\verifEmail\\email.js","statementMap":{"0":{"start":{"line":2,"column":19},"end":{"line":2,"column":40}},"1":{"start":{"line":4,"column":23},"end":{"line":7,"column":2}},"2":{"start":{"line":4,"column":38},"end":{"line":7,"column":1}},"3":{"start":{"line":9,"column":26},"end":{"line":16,"column":1}},"4":{"start":{"line":19,"column":1},"end":{"line":24,"column":2}},"5":{"start":{"line":20,"column":2},"end":{"line":20,"column":26}},"6":{"start":{"line":22,"column":21},"end":{"line":22,"column":57}},"7":{"start":{"line":23,"column":2},"end":{"line":23,"column":35}},"8":{"start":{"line":29,"column":28},"end":{"line":29,"column":57}},"9":{"start":{"line":30,"column":24},"end":{"line":30,"column":69}},"10":{"start":{"line":31,"column":15},"end":{"line":31,"column":49}},"11":{"start":{"line":33,"column":2},"end":{"line":35,"column":3}},"12":{"start":{"line":34,"column":3},"end":{"line":34,"column":59}},"13":{"start":{"line":41,"column":2},"end":{"line":41,"column":9}},"14":{"start":{"line":42,"column":2},"end":{"line":42,"column":73}},"15":{"start":{"line":43,"column":2},"end":{"line":43,"column":25}},"16":{"start":{"line":44,"column":2},"end":{"line":44,"column":62}},"17":{"start":{"line":45,"column":2},"end":{"line":49,"column":3}},"18":{"start":{"line":50,"column":2},"end":{"line":61,"column":3}},"19":{"start":{"line":67,"column":2},"end":{"line":67,"column":9}},"20":{"start":{"line":68,"column":2},"end":{"line":68,"column":73}},"21":{"start":{"line":69,"column":2},"end":{"line":69,"column":25}},"22":{"start":{"line":70,"column":2},"end":{"line":70,"column":37}},"23":{"start":{"line":71,"column":2},"end":{"line":75,"column":4}},"24":{"start":{"line":76,"column":2},"end":{"line":87,"column":3}},"25":{"start":{"line":91,"column":0},"end":{"line":91,"column":55}}},"fnMap":{"0":{"name":"(anonymous_0)","decl":{"start":{"line":4,"column":23},"end":{"line":4,"column":24}},"loc":{"start":{"line":4,"column":38},"end":{"line":7,"column":1}},"line":4},"1":{"name":"criaConfiguracaoEmail","decl":{"start":{"line":18,"column":15},"end":{"line":18,"column":36}},"loc":{"start":{"line":18,"column":39},"end":{"line":25,"column":1}},"line":18},"2":{"name":"(anonymous_2)","decl":{"start":{"line":28,"column":1},"end":{"line":28,"column":2}},"loc":{"start":{"line":28,"column":20},"end":{"line":36,"column":2}},"line":28},"3":{"name":"(anonymous_3)","decl":{"start":{"line":40,"column":1},"end":{"line":40,"column":2}},"loc":{"start":{"line":40,"column":32},"end":{"line":62,"column":2}},"line":40},"4":{"name":"(anonymous_4)","decl":{"start":{"line":66,"column":1},"end":{"line":66,"column":2}},"loc":{"start":{"line":66,"column":32},"end":{"line":88,"column":2}},"line":66}},"branchMap":{"0":{"loc":{"start":{"line":19,"column":1},"end":{"line":24,"column":2}},"type":"if","locations":[{"start":{"line":19,"column":1},"end":{"line":24,"column":2}},{"start":{"line":21,"column":8},"end":{"line":24,"column":2}}],"line":19},"1":{"loc":{"start":{"line":33,"column":2},"end":{"line":35,"column":3}},"type":"if","locations":[{"start":{"line":33,"column":2},"end":{"line":35,"column":3}},{"start":{},"end":{}}],"line":33}},"s":{"0":4,"1":4,"2":0,"3":4,"4":2,"5":0,"6":2,"7":0,"8":2,"9":0,"10":0,"11":0,"12":0,"13":1,"14":1,"15":1,"16":1,"17":1,"18":1,"19":1,"20":1,"21":1,"22":1,"23":1,"24":1,"25":4},"f":{"0":0,"1":2,"2":2,"3":1,"4":1},"b":{"0":[0,2],"1":[0,0]},"_coverageSchema":"1a1c01bbd47fc00a2c39e90264f33305004495a9","hash":"e2d6c947a115da8752c59e870ce52da0e8990c8f"}
,"C:\\Users\\User\\Dropbox\\Projetos\\API_Controle_Financeiro\\api\\verifEmail\\geraEndereco.js": {"path":"C:\\Users\\User\\Dropbox\\Projetos\\API_Controle_Financeiro\\api\\verifEmail\\geraEndereco.js","statementMap":{"0":{"start":{"line":2,"column":17},"end":{"line":2,"column":37}},"1":{"start":{"line":3,"column":1},"end":{"line":3,"column":35}},"2":{"start":{"line":6,"column":0},"end":{"line":6,"column":29}}},"fnMap":{"0":{"name":"geraEndereco","decl":{"start":{"line":1,"column":9},"end":{"line":1,"column":21}},"loc":{"start":{"line":1,"column":35},"end":{"line":4,"column":1}},"line":1}},"branchMap":{},"s":{"0":3,"1":3,"2":5},"f":{"0":3},"b":{},"_coverageSchema":"1a1c01bbd47fc00a2c39e90264f33305004495a9","hash":"8e24362460aa7d74d0558568692f4cd665173536"}
}
