TN:
SF:api\app.js
FNF:0
FNH:0
DA:1,5
DA:2,5
DA:4,5
DA:6,5
DA:8,5
LF:5
LH:5
BRF:0
BRH:0
end_of_record
TN:
SF:api\erros.js
FN:2,(anonymous_0)
FN:9,(anonymous_1)
FN:16,(anonymous_2)
FN:24,(anonymous_3)
FNF:4
FNH:0
FNDA:0,(anonymous_0)
FNDA:0,(anonymous_1)
FNDA:0,(anonymous_2)
FNDA:0,(anonymous_3)
DA:3,0
DA:4,0
DA:10,0
DA:11,0
DA:17,0
DA:18,0
DA:19,0
DA:25,0
DA:26,0
DA:27,0
DA:31,5
LF:11
LH:1
BRF:0
BRH:0
end_of_record
TN:
SF:api\config\estrategia-autenticacao.js
FN:9,verificaUsuario
FN:15,verificaSenha
FN:22,(anonymous_2)
FN:28,(anonymous_3)
FN:43,(anonymous_4)
FNF:5
FNH:5
FNDA:3,verificaUsuario
FNDA:3,verificaSenha
FNDA:5,(anonymous_2)
FNDA:3,(anonymous_3)
FNDA:11,(anonymous_4)
DA:1,5
DA:2,5
DA:3,5
DA:4,5
DA:5,5
DA:6,5
DA:7,5
DA:10,3
DA:11,0
DA:16,3
DA:17,3
DA:18,0
DA:22,5
DA:23,5
DA:29,3
DA:30,3
DA:31,3
DA:32,3
DA:33,3
DA:36,0
DA:42,5
DA:44,11
DA:45,11
DA:46,11
DA:47,11
DA:49,0
LF:26
LH:22
BRDA:10,0,0,0
BRDA:10,0,1,3
BRDA:17,1,0,0
BRDA:17,1,1,3
BRF:4
BRH:2
end_of_record
TN:
SF:api\config\middlewares-autenticacao.js
FN:6,(anonymous_0)
FN:10,(anonymous_1)
FN:29,(anonymous_2)
FN:33,(anonymous_3)
FNF:4
FNH:4
FNDA:3,(anonymous_0)
FNDA:3,(anonymous_1)
FNDA:11,(anonymous_2)
FNDA:11,(anonymous_3)
DA:2,5
DA:3,5
DA:5,5
DA:7,3
DA:11,3
DA:12,0
DA:15,3
DA:16,0
DA:19,3
DA:20,0
DA:23,3
DA:24,3
DA:30,11
DA:34,11
DA:35,0
DA:38,11
DA:39,0
DA:42,11
DA:43,0
DA:46,11
DA:47,11
LF:21
LH:15
BRDA:11,0,0,0
BRDA:11,0,1,3
BRDA:11,1,0,3
BRDA:11,1,1,0
BRDA:15,2,0,0
BRDA:15,2,1,3
BRDA:19,3,0,0
BRDA:19,3,1,3
BRDA:34,4,0,0
BRDA:34,4,1,11
BRDA:34,5,0,11
BRDA:34,5,1,0
BRDA:38,6,0,0
BRDA:38,6,1,11
BRDA:42,7,0,0
BRDA:42,7,1,11
BRF:16
BRH:8
end_of_record
TN:
SF:api\controllers\categoriaController.js
FN:4,(anonymous_0)
FNF:1
FNH:1
FNDA:1,(anonymous_0)
DA:1,5
DA:5,1
DA:6,1
DA:7,1
DA:9,0
DA:14,5
LF:6
LH:5
BRF:0
BRH:0
end_of_record
TN:
SF:api\controllers\despesasController.js
FN:4,(anonymous_0)
FN:27,(anonymous_1)
FN:40,(anonymous_2)
FN:62,(anonymous_3)
FN:71,(anonymous_4)
FN:81,(anonymous_5)
FN:90,(anonymous_6)
FNF:7
FNH:7
FNDA:2,(anonymous_0)
FNDA:1,(anonymous_1)
FNDA:1,(anonymous_2)
FNDA:1,(anonymous_3)
FNDA:1,(anonymous_4)
FNDA:1,(anonymous_5)
FNDA:1,(anonymous_6)
DA:1,5
DA:5,2
DA:6,2
DA:7,2
DA:8,2
DA:9,2
DA:10,1
DA:12,1
DA:13,35
DA:14,35
DA:15,1
DA:17,1
DA:18,1
DA:20,0
DA:24,0
DA:28,1
DA:29,1
DA:30,1
DA:31,1
DA:32,1
DA:34,0
DA:37,0
DA:41,1
DA:42,1
DA:43,1
DA:44,1
DA:45,1
DA:46,1
DA:47,1
DA:48,35
DA:49,35
DA:50,35
DA:53,1
DA:54,1
DA:56,0
DA:59,0
DA:63,1
DA:64,1
DA:65,1
DA:66,1
DA:68,0
DA:72,1
DA:73,1
DA:74,1
DA:75,1
DA:76,1
DA:78,0
DA:82,1
DA:83,1
DA:84,1
DA:85,1
DA:87,0
DA:91,1
DA:92,1
DA:93,1
DA:94,1
DA:96,0
DA:101,5
LF:58
LH:48
BRDA:9,0,0,1
BRDA:9,0,1,1
BRDA:14,1,0,1
BRDA:14,1,1,34
BRDA:17,2,0,1
BRDA:17,2,1,0
BRDA:31,3,0,1
BRDA:31,3,1,0
BRDA:49,4,0,35
BRDA:49,4,1,0
BRDA:53,5,0,1
BRDA:53,5,1,0
BRF:12
BRH:8
end_of_record
TN:
SF:api\controllers\receitasController.js
FN:4,(anonymous_0)
FN:27,(anonymous_1)
FN:40,(anonymous_2)
FN:62,(anonymous_3)
FN:71,(anonymous_4)
FN:81,(anonymous_5)
FN:90,(anonymous_6)
FNF:7
FNH:7
FNDA:2,(anonymous_0)
FNDA:1,(anonymous_1)
FNDA:1,(anonymous_2)
FNDA:1,(anonymous_3)
FNDA:1,(anonymous_4)
FNDA:1,(anonymous_5)
FNDA:1,(anonymous_6)
DA:1,5
DA:5,2
DA:6,2
DA:7,2
DA:8,2
DA:9,2
DA:10,1
DA:12,1
DA:13,23
DA:14,23
DA:15,1
DA:17,1
DA:18,1
DA:20,0
DA:24,0
DA:28,1
DA:29,1
DA:30,1
DA:31,1
DA:32,1
DA:34,0
DA:37,0
DA:41,1
DA:42,1
DA:43,1
DA:44,1
DA:45,1
DA:46,1
DA:47,1
DA:48,23
DA:49,23
DA:50,23
DA:53,1
DA:54,1
DA:56,0
DA:59,0
DA:63,1
DA:64,1
DA:65,1
DA:66,1
DA:68,0
DA:72,1
DA:73,1
DA:74,1
DA:75,1
DA:76,1
DA:78,0
DA:82,1
DA:83,1
DA:84,1
DA:85,1
DA:87,0
DA:91,1
DA:92,1
DA:93,1
DA:94,1
DA:96,0
DA:102,5
LF:58
LH:48
BRDA:9,0,0,1
BRDA:9,0,1,1
BRDA:14,1,0,1
BRDA:14,1,1,22
BRDA:17,2,0,1
BRDA:17,2,1,0
BRDA:31,3,0,1
BRDA:31,3,1,0
BRDA:49,4,0,23
BRDA:49,4,1,0
BRDA:53,5,0,1
BRDA:53,5,1,0
BRF:12
BRH:8
end_of_record
TN:
SF:api\controllers\relatorioController.js
FN:4,(anonymous_0)
FN:12,(anonymous_1)
FNF:2
FNH:2
FNDA:1,(anonymous_0)
FNDA:1,(anonymous_1)
DA:1,5
DA:5,1
DA:6,1
DA:7,1
DA:9,0
DA:13,1
DA:14,1
DA:15,1
DA:16,1
DA:17,1
DA:18,0
DA:20,1
DA:23,0
DA:28,5
LF:14
LH:11
BRDA:17,0,0,0
BRDA:17,0,1,1
BRF:2
BRH:1
end_of_record
TN:
SF:api\controllers\usuariosController.js
FN:5,geraSenhaHash
FN:11,criaTokenJWT
FN:22,(anonymous_2)
FN:28,(anonymous_3)
FN:37,(anonymous_4)
FN:51,(anonymous_5)
FN:63,(anonymous_6)
FN:74,(anonymous_7)
FN:77,(anonymous_8)
FN:89,(anonymous_9)
FNF:10
FNH:10
FNDA:1,geraSenhaHash
FNDA:3,criaTokenJWT
FNDA:3,(anonymous_2)
FNDA:1,(anonymous_3)
FNDA:1,(anonymous_4)
FNDA:1,(anonymous_5)
FNDA:1,(anonymous_6)
FNDA:1,(anonymous_7)
FNDA:1,(anonymous_8)
FNDA:1,(anonymous_9)
DA:1,5
DA:2,5
DA:3,5
DA:6,1
DA:7,1
DA:8,1
DA:12,3
DA:16,3
DA:17,3
DA:23,3
DA:24,3
DA:25,3
DA:29,1
DA:30,1
DA:31,1
DA:33,0
DA:38,1
DA:39,1
DA:40,1
DA:41,1
DA:42,1
DA:44,0
DA:47,0
DA:52,1
DA:53,1
DA:54,1
DA:55,1
DA:56,1
DA:57,1
DA:59,0
DA:64,1
DA:65,1
DA:66,1
DA:67,1
DA:68,1
DA:70,0
DA:75,1
DA:76,1
DA:77,1
DA:78,1
DA:79,1
DA:80,1
DA:81,1
DA:82,1
DA:85,0
DA:90,1
DA:91,1
DA:92,1
DA:93,1
DA:95,0
DA:100,5
LF:51
LH:44
BRDA:41,0,0,1
BRDA:41,0,1,0
BRF:2
BRH:1
end_of_record
TN:
SF:api\models\categoria.js
FN:4,(anonymous_0)
FN:11,(anonymous_1)
FNF:2
FNH:2
FNDA:5,(anonymous_0)
FNDA:5,(anonymous_1)
DA:3,5
DA:4,5
DA:12,5
DA:15,5
DA:21,5
LF:5
LH:5
BRF:0
BRH:0
end_of_record
TN:
SF:api\models\despesas.js
FN:5,(anonymous_0)
FN:12,(anonymous_1)
FN:21,(anonymous_2)
FNF:3
FNH:3
FNDA:5,(anonymous_0)
FNDA:5,(anonymous_1)
FNDA:2,(anonymous_2)
DA:4,5
DA:5,5
DA:13,5
DA:14,5
DA:17,5
DA:22,2
DA:33,5
LF:7
LH:7
BRDA:22,0,0,0
BRDA:22,0,1,2
BRF:2
BRH:1
end_of_record
TN:
SF:api\models\index.js
FN:25,(anonymous_0)
FN:28,(anonymous_1)
FN:33,(anonymous_2)
FNF:3
FNH:3
FNDA:30,(anonymous_0)
FNDA:25,(anonymous_1)
FNDA:25,(anonymous_2)
DA:3,5
DA:4,5
DA:5,5
DA:6,5
DA:7,5
DA:8,5
DA:9,5
DA:10,5
DA:11,5
DA:15,5
DA:17,5
DA:18,0
DA:20,5
DA:23,5
DA:26,30
DA:29,25
DA:30,25
DA:33,5
DA:34,25
DA:35,25
DA:39,5
DA:40,5
DA:42,5
LF:23
LH:22
BRDA:17,0,0,0
BRDA:17,0,1,5
BRDA:26,1,0,30
BRDA:26,1,1,30
BRDA:26,1,2,25
BRDA:34,2,0,25
BRDA:34,2,1,0
BRF:7
BRH:5
end_of_record
TN:
SF:api\models\receitas.js
FN:5,(anonymous_0)
FN:12,(anonymous_1)
FN:20,(anonymous_2)
FNF:3
FNH:3
FNDA:5,(anonymous_0)
FNDA:5,(anonymous_1)
FNDA:2,(anonymous_2)
DA:4,5
DA:5,5
DA:13,5
DA:16,5
DA:21,2
DA:32,5
LF:6
LH:6
BRDA:21,0,0,0
BRDA:21,0,1,2
BRF:2
BRH:1
end_of_record
TN:
SF:api\models\relatorio.js
FN:5,(anonymous_0)
FN:12,(anonymous_1)
FNF:2
FNH:2
FNDA:5,(anonymous_0)
FNDA:5,(anonymous_1)
DA:4,5
DA:5,5
DA:13,5
DA:16,5
DA:34,5
LF:5
LH:5
BRF:0
BRH:0
end_of_record
TN:
SF:api\models\usuarios.js
FN:5,(anonymous_0)
FN:12,(anonymous_1)
FN:31,(anonymous_2)
FNF:3
FNH:3
FNDA:5,(anonymous_0)
FNDA:5,(anonymous_1)
FNDA:2,(anonymous_2)
DA:4,5
DA:5,5
DA:13,5
DA:14,5
DA:15,5
DA:18,5
DA:32,2
DA:43,5
LF:8
LH:8
BRDA:32,0,0,0
BRDA:32,0,1,2
BRF:2
BRH:1
end_of_record
TN:
SF:api\routes\categoriaRoute.js
FNF:0
FNH:0
DA:1,5
DA:2,5
DA:4,5
DA:6,5
DA:8,5
LF:5
LH:5
BRF:0
BRH:0
end_of_record
TN:
SF:api\routes\despesasRoute.js
FNF:0
FNH:0
DA:1,5
DA:2,5
DA:3,5
DA:5,5
DA:7,5
DA:17,5
LF:6
LH:6
BRF:0
BRH:0
end_of_record
TN:
SF:api\routes\index.js
FN:10,(anonymous_0)
FNF:1
FNH:1
FNDA:5,(anonymous_0)
DA:1,5
DA:2,5
DA:3,5
DA:4,5
DA:5,5
DA:6,5
DA:7,5
DA:8,5
DA:10,5
DA:11,5
DA:12,5
DA:13,5
DA:14,5
DA:15,5
DA:16,5
LF:15
LH:15
BRF:0
BRH:0
end_of_record
TN:
SF:api\routes\receitasRoute.js
FNF:0
FNH:0
DA:1,5
DA:2,5
DA:3,5
DA:5,5
DA:7,5
DA:16,5
LF:6
LH:6
BRF:0
BRH:0
end_of_record
TN:
SF:api\routes\relatoriosRoute.js
FNF:0
FNH:0
DA:1,5
DA:2,5
DA:4,5
DA:6,5
DA:10,5
LF:5
LH:5
BRF:0
BRH:0
end_of_record
TN:
SF:api\routes\usuariosRoute.js
FNF:0
FNH:0
DA:1,5
DA:2,5
DA:3,5
DA:5,5
DA:7,5
DA:16,5
LF:6
LH:6
BRF:0
BRH:0
end_of_record
